#
# A fatal error has been detected by the Java Runtime Environment:
#
#  EXCEPTION_ACCESS_VIOLATION (0xc0000005) at pc=0x00007ff93fe0ccc1, pid=2536, tid=1320
#
# JRE version: Java(TM) SE Runtime Environment (17.0.2+8) (build 17.0.2+8-LTS-86)
# Java VM: Java HotSpot(TM) 64-Bit Server VM (17.0.2+8-LTS-86, mixed mode, sharing, tiered, compressed oops, compressed class ptrs, g1 gc, windows-amd64)
# Problematic frame:
# V  [jvm.dll+0x1accc1]
#
# No core dump will be written. Minidumps are not enabled by default on client versions of Windows
#
# If you would like to submit a bug report, please visit:
#   https://bugreport.java.com/bugreport/crash.jsp
#

---------------  S U M M A R Y ------------

Command Line: -Xmx4096M server.jar nogui

Host: Intel(R) Core(TM) i5-8400 CPU @ 2.80GHz, 6 cores, 15G,  Windows 10 , 64 bit Build 19041 (10.0.19041.1466)
Time: Sun Jan 30 17:48:06 2022 Central Standard Time elapsed time: 4.129758 seconds (0d 0h 0m 4s)

---------------  T H R E A D  ---------------

Current thread (0x000001d0272d4c80):  GCTaskThread "GC Thread#2" [stack: 0x000000c044000000,0x000000c044100000] [id=1320]

Stack: [0x000000c044000000,0x000000c044100000],  sp=0x000000c0440ff558,  free space=1021k
Native frames: (J=compiled Java code, j=interpreted, Vv=VM code, C=native code)
V  [jvm.dll+0x1accc1]


siginfo: EXCEPTION_ACCESS_VIOLATION (0xc0000005), reading address 0x0000000000000100


Register to memory mapping:

RIP=0x00007ff93fe0ccc1 jvm.dll
RAX=0x0 is NULL
RBX=0x0000000000000001 is an unknown value
RCX=0x0000000800000000 is pointing into metadata
RDX=0x0000000726003368 is pointing into object: java.util.jar.JarVerifier$VerifierStream 
{0x0000000726003358} - klass: 'java/util/jar/JarVerifier$VerifierStream'
 - ---- fields (total size 4 words):
 - private 'is' 'Ljava/io/InputStream;' @12  NULL (0)
 - private 'numLeft' 'J' @16  0 (0 0)
 - private 'jv' 'Ljava/util/jar/JarVerifier;' @24  NULL (0)
 - private 'mev' 'Lsun/security/util/ManifestEntryVerifier;' @28  NULL (0)
RSP=0x000000c0440ff558 points into unknown readable memory: 0x00007ff93ff6272c | 2c 27 f6 3f f9 7f 00 00
RBP=0x00000000000027cc is an unknown value
RSI=0x0000000712e79064 is pointing into object: com.google.common.collect.HashBiMap$BiEntry 
{0x0000000712e79040} - klass: 'com/google/common/collect/HashBiMap$BiEntry'
 - ---- fields (total size 6 words):
 - final 'key' 'Ljava/lang/Object;' @12  a 'yg'{0x0000000712e79070} (e25cf20e)
 - final 'value' 'Ljava/lang/Object;' @16  a 'bsi'{0x000000071368e6c8} (e26d1cd9)
 - final 'keyHash' 'I' @20  -1931361987 (8ce1c13d)
 - final 'valueHash' 'I' @24  1315648480 (4e6b33e0)
 - 'nextInKToVBucket' 'Lcom/google/common/collect/HashBiMap$BiEntry;' @28  NULL (0)
 - 'nextInVToKBucket' 'Lcom/google/common/collect/HashBiMap$BiEntry;' @32  NULL (0)
 - 'nextInKeyInsertionOrder' 'Lcom/google/common/collect/HashBiMap$BiEntry;' @36  
[error occurred during error reporting (printing register info), id 0xc0000005, EXCEPTION_ACCESS_VIOLATION (0xc0000005) at pc=0x00007ff9402bd349]

Registers:
RAX=0x0000000000000000, RBX=0x0000000000000001, RCX=0x0000000800000000, RDX=0x0000000726003368
RSP=0x000000c0440ff558, RBP=0x00000000000027cc, RSI=0x0000000712e79064, RDI=0x0000000726003368
R8 =0x0000000000000000, R9 =0x0000000800000000, R10=0x0000000726003368, R11=0x0000000000000001
R12=0x000000c0440ff880, R13=0x000001d003a41fe0, R14=0x000001d027130970, R15=0x0000000800000000
RIP=0x00007ff93fe0ccc1, EFLAGS=0x0000000000010246

Top of Stack: (sp=0x000000c0440ff558)
0x000000c0440ff558:   00007ff93ff6272c 0000000000000000
0x000000c0440ff568:   0000000726082740 0000000000000001
0x000000c0440ff578:   0000000702441800 000001d027130af0
0x000000c0440ff588:   00007ff93ff61010 0000001c522a4801
0x000000c0440ff598:   000001d028882820 0000000000000001
0x000000c0440ff5a8:   00007ff93ff68d89 000001d027130af0
0x000000c0440ff5b8:   0000000000000000 0000000000000040
0x000000c0440ff5c8:   000001d003a41fe0 000000c0440ff880
0x000000c0440ff5d8:   000001d027130970 0000000712e79064
0x000000c0440ff5e8:   00000000000027cc 0000000712e79065
0x000000c0440ff5f8:   00007ff93ff63840 0000000724180000
0x000000c0440ff608:   0000000000000001 0000000000000008
0x000000c0440ff618:   0000000000000000 000001d01abb2200
0x000000c0440ff628:   0000000000000007 00000000000001c0
0x000000c0440ff638:   000000c0440ff880 0000000702443600
0x000000c0440ff648:   00007ff93ff6056e 0000000000000000 

Instructions: (pc=0x00007ff93fe0ccc1)
0x00007ff93fe0cbc1:   74 32 0f 10 83 f0 02 00 00 48 8b 07 48 8d 54 24
0x00007ff93fe0cbd1:   20 48 8b cf 0f 29 44 24 20 ff 50 40 33 c0 48 89
0x00007ff93fe0cbe1:   44 24 20 48 89 44 24 28 0f 10 44 24 20 0f 11 83
0x00007ff93fe0cbf1:   f0 02 00 00 48 8b 5c 24 40 48 83 c4 30 5f c3 48
0x00007ff93fe0cc01:   8b 49 40 48 8b 01 48 ff 60 28 cc cc cc cc cc 80
0x00007ff93fe0cc11:   3d 8c dd 93 00 00 48 8b c1 74 1b 8b 51 08 8b 0d
0x00007ff93fe0cc21:   93 66 8d 00 48 d3 e2 48 8b c8 48 03 15 7e 66 8d
0x00007ff93fe0cc31:   00 e9 19 00 00 00 48 8b 51 08 48 8b c8 e9 0d 00
0x00007ff93fe0cc41:   00 00 cc cc cc cc cc cc cc cc cc cc cc cc cc 4c
0x00007ff93fe0cc51:   8b ca 48 8b d1 45 8b 41 08 45 85 c0 7e 0e 41 f6
0x00007ff93fe0cc61:   c0 01 75 56 41 c1 f8 03 41 8b c0 c3 79 4c 80 3d
0x00007ff93fe0cc71:   2d dd 93 00 00 b8 0c 00 00 00 b9 10 00 00 00 0f
0x00007ff93fe0cc81:   45 c8 8b 05 4b 75 8d 00 ff c8 4c 63 c8 48 63 14
0x00007ff93fe0cc91:   11 41 8b c8 83 e1 3f 48 d3 e2 41 8b c8 48 c1 f9
0x00007ff93fe0cca1:   10 0f b6 c1 49 8d 0c 11 49 f7 d1 48 03 c1 49 c1
0x00007ff93fe0ccb1:   e9 03 48 c1 e8 03 41 23 c1 c3 49 8b 01 49 8b c9
0x00007ff93fe0ccc1:   48 ff a0 00 01 00 00 cc cc cc cc cc cc cc cc 48
0x00007ff93fe0ccd1:   83 ec 38 0f 10 02 48 8b 49 40 48 8d 54 24 20 0f
0x00007ff93fe0cce1:   29 44 24 20 e8 56 f2 ff ff 48 83 c4 38 c3 cc 48
0x00007ff93fe0ccf1:   83 ec 38 0f 10 02 48 8b 01 48 8d 54 24 20 0f 29
0x00007ff93fe0cd01:   44 24 20 ff 50 38 48 83 c4 38 c3 cc cc cc cc 48
0x00007ff93fe0cd11:   89 5c 24 08 55 56 57 41 54 41 55 41 56 41 57 48
0x00007ff93fe0cd21:   8d 6c 24 e0 48 81 ec 20 01 00 00 48 8b 05 85 62
0x00007ff93fe0cd31:   90 00 48 33 c4 48 89 45 10 48 8b 05 cf d4 92 00
0x00007ff93fe0cd41:   45 33 ed 4c 8b b5 80 00 00 00 4c 8b fa 48 8b bd
0x00007ff93fe0cd51:   88 00 00 00 4d 8b c6 49 8b d6 49 8b f1 48 8b 48
0x00007ff93fe0cd61:   40 48 8b 59 40 49 8b cf c7 45 c0 ff ff ff ff 44
0x00007ff93fe0cd71:   89 6d d4 4c 89 6d d8 44 88 6d e0 c7 45 e8 ff ff
0x00007ff93fe0cd81:   ff ff 44 89 6d fc 4c 89 6d 00 44 88 6d 08 e8 7c
0x00007ff93fe0cd91:   fb f3 ff 41 b1 01 4c 8d 45 e8 41 8d 55 04 49 8b
0x00007ff93fe0cda1:   cf e8 f9 12 f2 ff 48 8b 05 1a 14 7a 00 4c 8d 25
0x00007ff93fe0cdb1:   0b 02 69 00 48 89 44 24 30 4c 8d 44 24 70 0f b6 


Stack slot to memory mapping:
stack at sp + 0 slots: 0x00007ff93ff6272c jvm.dll
stack at sp + 1 slots: 0x0 is NULL
stack at sp + 2 slots: 0x0000000726082740 is an oop: yg 
{0x0000000726082740} - klass: 'yg'
 - ---- fields (total size 3 words):
 - private final 'b' 'Lyh;' @12  a 'yh'{0x0000000702443ab8} (e0488757)
 - private final 'c' 'Lyh;' @16  a 'yh'{0x0000000702dfbf50} (e05bf7ea)
stack at sp + 3 slots: 0x0000000000000001 is an unknown value
stack at sp + 4 slots: 0x0000000702441800 is pointing into object: [Ljava.lang.Object; 
{0x0000000702441610} - klass: 'java/lang/Object'[]
 - length: 256
stack at sp + 5 slots: 0x000001d027130af0 points into unknown readable memory: 0x00007ff940555490 | 90 54 55 40 f9 7f 00 00
stack at sp + 6 slots: 0x00007ff93ff61010 jvm.dll
stack at sp + 7 slots: 0x0000001c522a4801 is an unknown value


---------------  P R O C E S S  ---------------

Threads class SMR info:
_java_thread_list=0x000001d02a019a70, length=19, elements={
0x000001d02639d270, 0x000001d02639e0e0, 0x000001d0263b3260, 0x000001d0263b4d30,
0x000001d0263b76f0, 0x000001d0263ba880, 0x000001d0263bc570, 0x000001d0263b8840,
0x000001d0263bff80, 0x000001d026df8e20, 0x000001d026e25bd0, 0x000001d0271bb920,
0x000001d003a346c0, 0x000001d027b88540, 0x000001d027eff3e0, 0x000001d027f01f30,
0x000001d027efd230, 0x000001d027f02400, 0x000001d027f00250
}

Java Threads: ( => current thread )
  0x000001d02639d270 JavaThread "Reference Handler" daemon [_thread_blocked, id=9304, stack(0x000000c043100000,0x000000c043200000)]
  0x000001d02639e0e0 JavaThread "Finalizer" daemon [_thread_blocked, id=6456, stack(0x000000c043200000,0x000000c043300000)]
  0x000001d0263b3260 JavaThread "Signal Dispatcher" daemon [_thread_blocked, id=3092, stack(0x000000c043300000,0x000000c043400000)]
  0x000001d0263b4d30 JavaThread "Attach Listener" daemon [_thread_blocked, id=10796, stack(0x000000c043400000,0x000000c043500000)]
  0x000001d0263b76f0 JavaThread "Service Thread" daemon [_thread_blocked, id=13572, stack(0x000000c043500000,0x000000c043600000)]
  0x000001d0263ba880 JavaThread "Monitor Deflation Thread" daemon [_thread_blocked, id=5832, stack(0x000000c043600000,0x000000c043700000)]
  0x000001d0263bc570 JavaThread "C2 CompilerThread0" daemon [_thread_blocked, id=14840, stack(0x000000c043700000,0x000000c043800000)]
  0x000001d0263b8840 JavaThread "C1 CompilerThread0" daemon [_thread_blocked, id=2176, stack(0x000000c043800000,0x000000c043900000)]
  0x000001d0263bff80 JavaThread "Sweeper thread" daemon [_thread_blocked, id=4876, stack(0x000000c043900000,0x000000c043a00000)]
  0x000001d026df8e20 JavaThread "Notification Thread" daemon [_thread_blocked, id=10032, stack(0x000000c043a00000,0x000000c043b00000)]
  0x000001d026e25bd0 JavaThread "Common-Cleaner" daemon [_thread_blocked, id=652, stack(0x000000c043c00000,0x000000c043d00000)]
  0x000001d0271bb920 JavaThread "ServerMain" [_thread_blocked, id=7704, stack(0x000000c043e00000,0x000000c043f00000)]
  0x000001d003a346c0 JavaThread "DestroyJavaVM" [_thread_blocked, id=10416, stack(0x000000c042a00000,0x000000c042b00000)]
  0x000001d027b88540 JavaThread "C2 CompilerThread1" daemon [_thread_blocked, id=13668, stack(0x000000c044900000,0x000000c044a00000)]
  0x000001d027eff3e0 JavaThread "Worker-Bootstrap-1" daemon [_thread_blocked, id=11660, stack(0x000000c044a00000,0x000000c044b00000)]
  0x000001d027f01f30 JavaThread "Worker-Bootstrap-2" daemon [_thread_blocked, id=6188, stack(0x000000c044b00000,0x000000c044c00000)]
  0x000001d027efd230 JavaThread "Worker-Bootstrap-3" daemon [_thread_blocked, id=8972, stack(0x000000c044c00000,0x000000c044d00000)]
  0x000001d027f02400 JavaThread "Worker-Bootstrap-4" daemon [_thread_blocked, id=5188, stack(0x000000c044d00000,0x000000c044e00000)]
  0x000001d027f00250 JavaThread "Worker-Bootstrap-5" daemon [_thread_blocked, id=3428, stack(0x000000c044e00000,0x000000c044f00000)]

Other Threads:
  0x000001d026398620 VMThread "VM Thread" [stack: 0x000000c043000000,0x000000c043100000] [id=7160]
  0x000001d026e20150 WatcherThread [stack: 0x000000c043b00000,0x000000c043c00000] [id=9608]
  0x000001d003a802c0 GCTaskThread "GC Thread#0" [stack: 0x000000c042b00000,0x000000c042c00000] [id=1196]
  0x000001d0272d49d0 GCTaskThread "GC Thread#1" [stack: 0x000000c043f00000,0x000000c044000000] [id=1728]
=>0x000001d0272d4c80 GCTaskThread "GC Thread#2" [stack: 0x000000c044000000,0x000000c044100000] [id=1320]
  0x000001d02702f9b0 GCTaskThread "GC Thread#3" [stack: 0x000000c044100000,0x000000c044200000] [id=7728]
  0x000001d02702fc60 GCTaskThread "GC Thread#4" [stack: 0x000000c044200000,0x000000c044300000] [id=2036]
  0x000001d02702ff10 GCTaskThread "GC Thread#5" [stack: 0x000000c044300000,0x000000c044400000] [id=10768]
  0x000001d003a91200 ConcurrentGCThread "G1 Main Marker" [stack: 0x000000c042c00000,0x000000c042d00000] [id=2576]
  0x000001d003a91c10 ConcurrentGCThread "G1 Conc#0" [stack: 0x000000c042d00000,0x000000c042e00000] [id=14764]
  0x000001d027b52f90 ConcurrentGCThread "G1 Conc#1" [stack: 0x000000c043d00000,0x000000c043e00000] [id=4768]
  0x000001d0262620c0 ConcurrentGCThread "G1 Refine#0" [stack: 0x000000c042e00000,0x000000c042f00000] [id=3916]
  0x000001d0273502b0 ConcurrentGCThread "G1 Refine#1" [stack: 0x000000c044400000,0x000000c044500000] [id=9736]
  0x000001d0275757a0 ConcurrentGCThread "G1 Refine#2" [stack: 0x000000c044500000,0x000000c044600000] [id=9664]
  0x000001d02a1d3390 ConcurrentGCThread "G1 Refine#3" [stack: 0x000000c044f00000,0x000000c045000000] [id=2780]
  0x000001d029b1ee90 ConcurrentGCThread "G1 Refine#4" [stack: 0x000000c045000000,0x000000c045100000] [id=12676]
  0x000001d02b0231b0 ConcurrentGCThread "G1 Refine#5" [stack: 0x000000c045100000,0x000000c045200000] [id=14768]
  0x000001d026262ae0 ConcurrentGCThread "G1 Service" [stack: 0x000000c042f00000,0x000000c043000000] [id=9500]

Threads with active compile tasks:

VM state: at safepoint (normal execution)

VM Mutex/Monitor currently owned by a thread:  ([mutex/lock_event])
[0x000001d003a31bb0] Threads_lock - owner thread: 0x000001d026398620
[0x000001d003a31460] Heap_lock - owner thread: 0x000001d027f02400

Heap address: 0x0000000700000000, size: 4096 MB, Compressed Oops mode: Zero based, Oop shift amount: 3

CDS archive(s) mapped at: [0x0000000800000000-0x0000000800bc0000-0x0000000800bc0000), size 12320768, SharedBaseAddress: 0x0000000800000000, ArchiveRelocationMode: 0.
Compressed class space mapped at: 0x0000000800c00000-0x0000000840c00000, reserved size: 1073741824
Narrow klass base: 0x0000000800000000, Narrow klass shift: 0, Narrow klass range: 0x100000000

GC Precious Log:
 CPUs: 6 total, 6 available
 Memory: 16304M
 Large Page Support: Disabled
 NUMA Support: Disabled
 Compressed Oops: Enabled (Zero based)
 Heap Region Size: 2M
 Heap Min Capacity: 8M
 Heap Initial Capacity: 256M
 Heap Max Capacity: 4G
 Pre-touch: Disabled
 Parallel Workers: 6
 Concurrent Workers: 2
 Concurrent Refinement Workers: 6
 Periodic GC: Disabled

Heap:
 garbage-first heap   total 624640K, used 457125K [0x0000000700000000, 0x0000000800000000)
  region size 2048K, 161 young (329728K), 15 survivors (30720K)
 Metaspace       used 40939K, committed 41536K, reserved 1089536K
  class space    used 6144K, committed 6400K, reserved 1048576K

Heap Regions: E=young(eden), S=young(survivor), O=old, HS=humongous(starts), HC=humongous(continues), CS=collection set, F=free, OA=open archive, CA=closed archive, TAMS=top-at-mark-start (previous, next)
|   0|0x0000000700000000, 0x0000000700200000, 0x0000000700200000|100%| O|  |TAMS 0x0000000700000000, 0x0000000700000000| Untracked 
|   1|0x0000000700200000, 0x0000000700400000, 0x0000000700400000|100%| O|  |TAMS 0x0000000700400000, 0x0000000700200000| Untracked 
|   2|0x0000000700400000, 0x0000000700600000, 0x0000000700600000|100%| O|  |TAMS 0x0000000700600000, 0x0000000700400000| Untracked 
|   3|0x0000000700600000, 0x0000000700800000, 0x0000000700800000|100%| O|  |TAMS 0x0000000700800000, 0x0000000700600000| Untracked 
|   4|0x0000000700800000, 0x0000000700a00000, 0x0000000700a00000|100%|HS|  |TAMS 0x0000000700a00000, 0x0000000700800000| Complete 
|   5|0x0000000700a00000, 0x0000000700c00000, 0x0000000700c00000|100%| O|  |TAMS 0x0000000700c00000, 0x0000000700a00000| Untracked 
|   6|0x0000000700c00000, 0x0000000700e00000, 0x0000000700e00000|100%| O|  |TAMS 0x0000000700e00000, 0x0000000700c00000| Untracked 
|   7|0x0000000700e00000, 0x0000000701000000, 0x0000000701000000|100%| O|  |TAMS 0x0000000701000000, 0x0000000700e00000| Untracked 
|   8|0x0000000701000000, 0x00000007010a6000, 0x0000000701200000| 32%| O|  |TAMS 0x00000007010a6000, 0x0000000701000000| Untracked 
|   9|0x0000000701200000, 0x0000000701400000, 0x0000000701400000|100%|HS|  |TAMS 0x0000000701400000, 0x0000000701200000| Complete 
|  10|0x0000000701400000, 0x0000000701600000, 0x0000000701600000|100%|HC|  |TAMS 0x0000000701600000, 0x0000000701400000| Complete 
|  11|0x0000000701600000, 0x0000000701800000, 0x0000000701800000|100%|HC|  |TAMS 0x0000000701800000, 0x0000000701600000| Complete 
|  12|0x0000000701800000, 0x0000000701a00000, 0x0000000701a00000|100%|HC|  |TAMS 0x0000000701a00000, 0x0000000701800000| Complete 
|  13|0x0000000701a00000, 0x0000000701c00000, 0x0000000701c00000|100%|HC|  |TAMS 0x0000000701c00000, 0x0000000701a00000| Complete 
|  14|0x0000000701c00000, 0x0000000701e00000, 0x0000000701e00000|100%|HC|  |TAMS 0x0000000701e00000, 0x0000000701c00000| Complete 
|  15|0x0000000701e00000, 0x0000000702000000, 0x0000000702000000|100%| O|  |TAMS 0x0000000702000000, 0x0000000701e00000| Untracked 
|  16|0x0000000702000000, 0x0000000702200000, 0x0000000702200000|100%| O|  |TAMS 0x0000000702200000, 0x0000000702000000| Untracked 
|  17|0x0000000702200000, 0x0000000702400000, 0x0000000702400000|100%| O|  |TAMS 0x0000000702400000, 0x0000000702200000| Untracked 
|  18|0x0000000702400000, 0x0000000702600000, 0x0000000702600000|100%| O|  |TAMS 0x0000000702600000, 0x0000000702400000| Untracked 
|  19|0x0000000702600000, 0x0000000702800000, 0x0000000702800000|100%| O|  |TAMS 0x0000000702800000, 0x0000000702600000| Untracked 
|  20|0x0000000702800000, 0x0000000702a00000, 0x0000000702a00000|100%| O|  |TAMS 0x0000000702a00000, 0x0000000702800000| Untracked 
|  21|0x0000000702a00000, 0x0000000702c00000, 0x0000000702c00000|100%| O|  |TAMS 0x0000000702c00000, 0x0000000702a00000| Untracked 
|  22|0x0000000702c00000, 0x0000000702e00000, 0x0000000702e00000|100%| O|  |TAMS 0x0000000702d5da00, 0x0000000702c00000| Untracked 
|  23|0x0000000702e00000, 0x0000000703000000, 0x0000000703000000|100%| O|  |TAMS 0x0000000702e00000, 0x0000000702e00000| Untracked 
|  24|0x0000000703000000, 0x0000000703200000, 0x0000000703200000|100%| O|  |TAMS 0x0000000703000000, 0x0000000703000000| Untracked 
|  25|0x0000000703200000, 0x0000000703400000, 0x0000000703400000|100%| O|  |TAMS 0x0000000703200000, 0x0000000703200000| Untracked 
|  26|0x0000000703400000, 0x0000000703600000, 0x0000000703600000|100%| O|  |TAMS 0x0000000703400000, 0x0000000703400000| Untracked 
|  27|0x0000000703600000, 0x0000000703800000, 0x0000000703800000|100%| O|  |TAMS 0x0000000703600000, 0x0000000703600000| Untracked 
|  28|0x0000000703800000, 0x0000000703a00000, 0x0000000703a00000|100%| O|  |TAMS 0x0000000703800000, 0x0000000703800000| Untracked 
|  29|0x0000000703a00000, 0x0000000703c00000, 0x0000000703c00000|100%| O|  |TAMS 0x0000000703a00000, 0x0000000703a00000| Untracked 
|  30|0x0000000703c00000, 0x0000000703e00000, 0x0000000703e00000|100%| O|  |TAMS 0x0000000703c00000, 0x0000000703c00000| Untracked 
|  31|0x0000000703e00000, 0x0000000704000000, 0x0000000704000000|100%| O|  |TAMS 0x0000000703e00000, 0x0000000703e00000| Untracked 
|  32|0x0000000704000000, 0x0000000704200000, 0x0000000704200000|100%| O|  |TAMS 0x0000000704000000, 0x0000000704000000| Untracked 
|  33|0x0000000704200000, 0x0000000704400000, 0x0000000704400000|100%| O|  |TAMS 0x0000000704200000, 0x0000000704200000| Untracked 
|  34|0x0000000704400000, 0x0000000704600000, 0x0000000704600000|100%| O|  |TAMS 0x0000000704400000, 0x0000000704400000| Untracked 
|  35|0x0000000704600000, 0x0000000704800000, 0x0000000704800000|100%| O|  |TAMS 0x0000000704600000, 0x0000000704600000| Untracked 
|  36|0x0000000704800000, 0x0000000704a00000, 0x0000000704a00000|100%| O|  |TAMS 0x0000000704800000, 0x0000000704800000| Untracked 
|  37|0x0000000704a00000, 0x0000000704c00000, 0x0000000704c00000|100%| O|  |TAMS 0x0000000704a00000, 0x0000000704a00000| Untracked 
|  38|0x0000000704c00000, 0x0000000704e00000, 0x0000000704e00000|100%| O|  |TAMS 0x0000000704c00000, 0x0000000704c00000| Untracked 
|  39|0x0000000704e00000, 0x0000000705000000, 0x0000000705000000|100%| O|  |TAMS 0x0000000704e00000, 0x0000000704e00000| Untracked 
|  40|0x0000000705000000, 0x0000000705200000, 0x0000000705200000|100%| O|  |TAMS 0x0000000705000000, 0x0000000705000000| Untracked 
|  41|0x0000000705200000, 0x0000000705400000, 0x0000000705400000|100%| O|  |TAMS 0x0000000705200000, 0x0000000705200000| Untracked 
|  42|0x0000000705400000, 0x0000000705600000, 0x0000000705600000|100%| O|  |TAMS 0x0000000705400000, 0x0000000705400000| Untracked 
|  43|0x0000000705600000, 0x0000000705800000, 0x0000000705800000|100%| O|  |TAMS 0x0000000705600000, 0x0000000705600000| Untracked 
|  44|0x0000000705800000, 0x0000000705a00000, 0x0000000705a00000|100%| O|  |TAMS 0x0000000705800000, 0x0000000705800000| Untracked 
|  45|0x0000000705a00000, 0x0000000705c00000, 0x0000000705c00000|100%| O|  |TAMS 0x0000000705a00000, 0x0000000705a00000| Untracked 
|  46|0x0000000705c00000, 0x0000000705e00000, 0x0000000705e00000|100%| O|  |TAMS 0x0000000705c00000, 0x0000000705c00000| Untracked 
|  47|0x0000000705e00000, 0x0000000706000000, 0x0000000706000000|100%| O|  |TAMS 0x0000000705e00000, 0x0000000705e00000| Untracked 
|  48|0x0000000706000000, 0x0000000706200000, 0x0000000706200000|100%| O|  |TAMS 0x0000000706000000, 0x0000000706000000| Untracked 
|  49|0x0000000706200000, 0x0000000706400000, 0x0000000706400000|100%| O|  |TAMS 0x0000000706200000, 0x0000000706200000| Untracked 
|  50|0x0000000706400000, 0x0000000706600000, 0x0000000706600000|100%|HS|  |TAMS 0x0000000706400000, 0x0000000706400000| Complete 
|  51|0x0000000706600000, 0x0000000706800000, 0x0000000706800000|100%| O|  |TAMS 0x0000000706600000, 0x0000000706600000| Untracked 
|  52|0x0000000706800000, 0x0000000706a00000, 0x0000000706a00000|100%| O|  |TAMS 0x0000000706800000, 0x0000000706800000| Untracked 
|  53|0x0000000706a00000, 0x0000000706c00000, 0x0000000706c00000|100%| O|  |TAMS 0x0000000706a00000, 0x0000000706a00000| Untracked 
|  54|0x0000000706c00000, 0x0000000706e00000, 0x0000000706e00000|100%| O|  |TAMS 0x0000000706c00000, 0x0000000706c00000| Untracked 
|  55|0x0000000706e00000, 0x0000000707000000, 0x0000000707000000|100%| O|  |TAMS 0x0000000706e00000, 0x0000000706e00000| Untracked 
|  56|0x0000000707000000, 0x0000000707200000, 0x0000000707200000|100%| O|  |TAMS 0x0000000707000000, 0x0000000707000000| Untracked 
|  57|0x0000000707200000, 0x0000000707400000, 0x0000000707400000|100%| O|  |TAMS 0x0000000707200000, 0x0000000707200000| Untracked 
|  58|0x0000000707400000, 0x0000000707600000, 0x0000000707600000|100%| O|  |TAMS 0x0000000707400000, 0x0000000707400000| Untracked 
|  59|0x0000000707600000, 0x0000000707800000, 0x0000000707800000|100%| O|  |TAMS 0x0000000707600000, 0x0000000707600000| Untracked 
|  60|0x0000000707800000, 0x0000000707a00000, 0x0000000707a00000|100%| O|  |TAMS 0x0000000707800000, 0x0000000707800000| Untracked 
|  61|0x0000000707a00000, 0x0000000707c00000, 0x0000000707c00000|100%| O|  |TAMS 0x0000000707a00000, 0x0000000707a00000| Untracked 
|  62|0x0000000707c00000, 0x0000000707e00000, 0x0000000707e00000|100%| O|  |TAMS 0x0000000707c00000, 0x0000000707c00000| Untracked 
|  63|0x0000000707e00000, 0x0000000708000000, 0x0000000708000000|100%| O|  |TAMS 0x0000000707e00000, 0x0000000707e00000| Untracked 
|  64|0x0000000708000000, 0x0000000708200000, 0x0000000708200000|100%| O|  |TAMS 0x0000000708000000, 0x0000000708000000| Untracked 
|  65|0x0000000708200000, 0x0000000708400000, 0x0000000708400000|100%| O|  |TAMS 0x0000000708200000, 0x0000000708200000| Untracked 
|  66|0x0000000708400000, 0x0000000708600000, 0x0000000708600000|100%| O|  |TAMS 0x0000000708400000, 0x0000000708400000| Untracked 
|  67|0x0000000708600000, 0x0000000708800000, 0x0000000708800000|100%| O|  |TAMS 0x0000000708600000, 0x0000000708600000| Untracked 
|  68|0x0000000708800000, 0x0000000708a00000, 0x0000000708a00000|100%| O|  |TAMS 0x0000000708800000, 0x0000000708800000| Untracked 
|  69|0x0000000708a00000, 0x0000000708a96200, 0x0000000708c00000| 29%| O|  |TAMS 0x0000000708a00000, 0x0000000708a00000| Untracked 
|  70|0x0000000708c00000, 0x0000000708c00000, 0x0000000708e00000|  0%| F|  |TAMS 0x0000000708c00000, 0x0000000708c00000| Untracked 
|  71|0x0000000708e00000, 0x0000000708e00000, 0x0000000709000000|  0%| F|  |TAMS 0x0000000708e00000, 0x0000000708e00000| Untracked 
|  72|0x0000000709000000, 0x0000000709000000, 0x0000000709200000|  0%| F|  |TAMS 0x0000000709000000, 0x0000000709000000| Untracked 
|  73|0x0000000709200000, 0x0000000709200000, 0x0000000709400000|  0%| F|  |TAMS 0x0000000709200000, 0x0000000709200000| Untracked 
|  74|0x0000000709400000, 0x0000000709400000, 0x0000000709600000|  0%| F|  |TAMS 0x0000000709400000, 0x0000000709400000| Untracked 
|  75|0x0000000709600000, 0x0000000709600000, 0x0000000709800000|  0%| F|  |TAMS 0x0000000709600000, 0x0000000709600000| Untracked 
|  76|0x0000000709800000, 0x0000000709800000, 0x0000000709a00000|  0%| F|  |TAMS 0x0000000709800000, 0x0000000709800000| Untracked 
|  77|0x0000000709a00000, 0x0000000709a00000, 0x0000000709c00000|  0%| F|  |TAMS 0x0000000709a00000, 0x0000000709a00000| Untracked 
|  78|0x0000000709c00000, 0x0000000709c00000, 0x0000000709e00000|  0%| F|  |TAMS 0x0000000709c00000, 0x0000000709c00000| Untracked 
|  79|0x0000000709e00000, 0x0000000709e00000, 0x000000070a000000|  0%| F|  |TAMS 0x0000000709e00000, 0x0000000709e00000| Untracked 
|  80|0x000000070a000000, 0x000000070a000000, 0x000000070a200000|  0%| F|  |TAMS 0x000000070a000000, 0x000000070a000000| Untracked 
|  81|0x000000070a200000, 0x000000070a200000, 0x000000070a400000|  0%| F|  |TAMS 0x000000070a200000, 0x000000070a200000| Untracked 
|  82|0x000000070a400000, 0x000000070a400000, 0x000000070a600000|  0%| F|  |TAMS 0x000000070a400000, 0x000000070a400000| Untracked 
|  83|0x000000070a600000, 0x000000070a600000, 0x000000070a800000|  0%| F|  |TAMS 0x000000070a600000, 0x000000070a600000| Untracked 
|  84|0x000000070a800000, 0x000000070a800000, 0x000000070aa00000|  0%| F|  |TAMS 0x000000070a800000, 0x000000070a800000| Untracked 
|  85|0x000000070aa00000, 0x000000070aa00000, 0x000000070ac00000|  0%| F|  |TAMS 0x000000070aa00000, 0x000000070aa00000| Untracked 
|  86|0x000000070ac00000, 0x000000070ac00000, 0x000000070ae00000|  0%| F|  |TAMS 0x000000070ac00000, 0x000000070ac00000| Untracked 
|  87|0x000000070ae00000, 0x000000070ae00000, 0x000000070b000000|  0%| F|  |TAMS 0x000000070ae00000, 0x000000070ae00000| Untracked 
|  88|0x000000070b000000, 0x000000070b000000, 0x000000070b200000|  0%| F|  |TAMS 0x000000070b000000, 0x000000070b000000| Untracked 
|  89|0x000000070b200000, 0x000000070b200000, 0x000000070b400000|  0%| F|  |TAMS 0x000000070b200000, 0x000000070b200000| Untracked 
|  90|0x000000070b400000, 0x000000070b400000, 0x000000070b600000|  0%| F|  |TAMS 0x000000070b400000, 0x000000070b400000| Untracked 
|  91|0x000000070b600000, 0x000000070b600000, 0x000000070b800000|  0%| F|  |TAMS 0x000000070b600000, 0x000000070b600000| Untracked 
|  92|0x000000070b800000, 0x000000070b800000, 0x000000070ba00000|  0%| F|  |TAMS 0x000000070b800000, 0x000000070b800000| Untracked 
|  93|0x000000070ba00000, 0x000000070ba00000, 0x000000070bc00000|  0%| F|  |TAMS 0x000000070ba00000, 0x000000070ba00000| Untracked 
|  94|0x000000070bc00000, 0x000000070bc00000, 0x000000070be00000|  0%| F|  |TAMS 0x000000070bc00000, 0x000000070bc00000| Untracked 
|  95|0x000000070be00000, 0x000000070be00000, 0x000000070c000000|  0%| F|  |TAMS 0x000000070be00000, 0x000000070be00000| Untracked 
|  96|0x000000070c000000, 0x000000070c12d540, 0x000000070c200000| 58%| E|CS|TAMS 0x000000070c000000, 0x000000070c000000| Complete 
|  97|0x000000070c200000, 0x000000070c400000, 0x000000070c400000|100%| E|CS|TAMS 0x000000070c200000, 0x000000070c200000| Complete 
|  98|0x000000070c400000, 0x000000070c600000, 0x000000070c600000|100%| E|CS|TAMS 0x000000070c400000, 0x000000070c400000| Complete 
|  99|0x000000070c600000, 0x000000070c600000, 0x000000070c800000|  0%| F|  |TAMS 0x000000070c600000, 0x000000070c600000| Untracked 
| 100|0x000000070c800000, 0x000000070c800000, 0x000000070ca00000|  0%| F|  |TAMS 0x000000070c800000, 0x000000070c800000| Untracked 
| 101|0x000000070ca00000, 0x000000070ca00000, 0x000000070cc00000|  0%| F|  |TAMS 0x000000070ca00000, 0x000000070ca00000| Untracked 
| 102|0x000000070cc00000, 0x000000070ce00000, 0x000000070ce00000|100%| E|CS|TAMS 0x000000070cc00000, 0x000000070cc00000| Complete 
| 103|0x000000070ce00000, 0x000000070d000000, 0x000000070d000000|100%| E|CS|TAMS 0x000000070ce00000, 0x000000070ce00000| Complete 
| 104|0x000000070d000000, 0x000000070d200000, 0x000000070d200000|100%| E|CS|TAMS 0x000000070d000000, 0x000000070d000000| Complete 
| 105|0x000000070d200000, 0x000000070d400000, 0x000000070d400000|100%| E|CS|TAMS 0x000000070d200000, 0x000000070d200000| Complete 
| 106|0x000000070d400000, 0x000000070d600000, 0x000000070d600000|100%| E|CS|TAMS 0x000000070d400000, 0x000000070d400000| Complete 
| 107|0x000000070d600000, 0x000000070d800000, 0x000000070d800000|100%| E|CS|TAMS 0x000000070d600000, 0x000000070d600000| Complete 
| 108|0x000000070d800000, 0x000000070d800000, 0x000000070da00000|  0%| F|  |TAMS 0x000000070d800000, 0x000000070d800000| Untracked 
| 109|0x000000070da00000, 0x000000070da00000, 0x000000070dc00000|  0%| F|  |TAMS 0x000000070da00000, 0x000000070da00000| Untracked 
| 110|0x000000070dc00000, 0x000000070dc00000, 0x000000070de00000|  0%| F|  |TAMS 0x000000070dc00000, 0x000000070dc00000| Untracked 
| 111|0x000000070de00000, 0x000000070de00000, 0x000000070e000000|  0%| F|  |TAMS 0x000000070de00000, 0x000000070de00000| Untracked 
| 112|0x000000070e000000, 0x000000070e000000, 0x000000070e200000|  0%| F|  |TAMS 0x000000070e000000, 0x000000070e000000| Untracked 
| 113|0x000000070e200000, 0x000000070e200000, 0x000000070e400000|  0%| F|  |TAMS 0x000000070e200000, 0x000000070e200000| Untracked 
| 114|0x000000070e400000, 0x000000070e400000, 0x000000070e600000|  0%| F|  |TAMS 0x000000070e400000, 0x000000070e400000| Untracked 
| 115|0x000000070e600000, 0x000000070e600000, 0x000000070e800000|  0%| F|  |TAMS 0x000000070e600000, 0x000000070e600000| Untracked 
| 116|0x000000070e800000, 0x000000070e800000, 0x000000070ea00000|  0%| F|  |TAMS 0x000000070e800000, 0x000000070e800000| Untracked 
| 117|0x000000070ea00000, 0x000000070ea00000, 0x000000070ec00000|  0%| F|  |TAMS 0x000000070ea00000, 0x000000070ea00000| Untracked 
| 118|0x000000070ec00000, 0x000000070ec00000, 0x000000070ee00000|  0%| F|  |TAMS 0x000000070ec00000, 0x000000070ec00000| Untracked 
| 119|0x000000070ee00000, 0x000000070ee00000, 0x000000070f000000|  0%| F|  |TAMS 0x000000070ee00000, 0x000000070ee00000| Untracked 
| 120|0x000000070f000000, 0x000000070f000000, 0x000000070f200000|  0%| F|  |TAMS 0x000000070f000000, 0x000000070f000000| Untracked 
| 121|0x000000070f200000, 0x000000070f200000, 0x000000070f400000|  0%| F|  |TAMS 0x000000070f200000, 0x000000070f200000| Untracked 
| 122|0x000000070f400000, 0x000000070f400000, 0x000000070f600000|  0%| F|  |TAMS 0x000000070f400000, 0x000000070f400000| Untracked 
| 123|0x000000070f600000, 0x000000070f600000, 0x000000070f800000|  0%| F|  |TAMS 0x000000070f600000, 0x000000070f600000| Untracked 
| 124|0x000000070f800000, 0x000000070f800000, 0x000000070fa00000|  0%| F|  |TAMS 0x000000070f800000, 0x000000070f800000| Untracked 
| 125|0x000000070fa00000, 0x000000070fa00000, 0x000000070fc00000|  0%| F|  |TAMS 0x000000070fa00000, 0x000000070fa00000| Untracked 
| 126|0x000000070fc00000, 0x000000070fc00000, 0x000000070fe00000|  0%| F|  |TAMS 0x000000070fc00000, 0x000000070fc00000| Untracked 
| 127|0x000000070fe00000, 0x000000070fe00000, 0x0000000710000000|  0%| F|  |TAMS 0x000000070fe00000, 0x000000070fe00000| Untracked 
| 128|0x0000000710000000, 0x0000000710000000, 0x0000000710200000|  0%| F|  |TAMS 0x0000000710000000, 0x0000000710000000| Untracked 
| 129|0x0000000710200000, 0x0000000710200000, 0x0000000710400000|  0%| F|  |TAMS 0x0000000710200000, 0x0000000710200000| Untracked 
| 130|0x0000000710400000, 0x0000000710400000, 0x0000000710600000|  0%| F|  |TAMS 0x0000000710400000, 0x0000000710400000| Untracked 
| 131|0x0000000710600000, 0x0000000710600000, 0x0000000710800000|  0%| F|  |TAMS 0x0000000710600000, 0x0000000710600000| Untracked 
| 132|0x0000000710800000, 0x0000000710800000, 0x0000000710a00000|  0%| F|  |TAMS 0x0000000710800000, 0x0000000710800000| Untracked 
| 133|0x0000000710a00000, 0x0000000710a00000, 0x0000000710c00000|  0%| F|  |TAMS 0x0000000710a00000, 0x0000000710a00000| Untracked 
| 134|0x0000000710c00000, 0x0000000710c00000, 0x0000000710e00000|  0%| F|  |TAMS 0x0000000710c00000, 0x0000000710c00000| Untracked 
| 135|0x0000000710e00000, 0x0000000710e00000, 0x0000000711000000|  0%| F|  |TAMS 0x0000000710e00000, 0x0000000710e00000| Untracked 
| 136|0x0000000711000000, 0x0000000711000000, 0x0000000711200000|  0%| F|  |TAMS 0x0000000711000000, 0x0000000711000000| Untracked 
| 137|0x0000000711200000, 0x0000000711200000, 0x0000000711400000|  0%| F|  |TAMS 0x0000000711200000, 0x0000000711200000| Untracked 
| 138|0x0000000711400000, 0x0000000711400000, 0x0000000711600000|  0%| F|  |TAMS 0x0000000711400000, 0x0000000711400000| Untracked 
| 139|0x0000000711600000, 0x0000000711600000, 0x0000000711800000|  0%| F|  |TAMS 0x0000000711600000, 0x0000000711600000| Untracked 
| 140|0x0000000711800000, 0x0000000711800000, 0x0000000711a00000|  0%| F|  |TAMS 0x0000000711800000, 0x0000000711800000| Untracked 
| 141|0x0000000711a00000, 0x0000000711a00000, 0x0000000711c00000|  0%| F|  |TAMS 0x0000000711a00000, 0x0000000711a00000| Untracked 
| 142|0x0000000711c00000, 0x0000000711c00000, 0x0000000711e00000|  0%| F|  |TAMS 0x0000000711c00000, 0x0000000711c00000| Untracked 
| 143|0x0000000711e00000, 0x0000000711e00000, 0x0000000712000000|  0%| F|  |TAMS 0x0000000711e00000, 0x0000000711e00000| Untracked 
| 144|0x0000000712000000, 0x0000000712199350, 0x0000000712200000| 79%| S|  |TAMS 0x0000000712000000, 0x0000000712000000| Complete 
| 145|0x0000000712200000, 0x0000000712400000, 0x0000000712400000|100%| S|  |TAMS 0x0000000712200000, 0x0000000712200000| Complete 
| 146|0x0000000712400000, 0x0000000712600000, 0x0000000712600000|100%| S|  |TAMS 0x0000000712400000, 0x0000000712400000| Complete 
| 147|0x0000000712600000, 0x0000000712800000, 0x0000000712800000|100%| S|  |TAMS 0x0000000712600000, 0x0000000712600000| Complete 
| 148|0x0000000712800000, 0x0000000712a00000, 0x0000000712a00000|100%| S|  |TAMS 0x0000000712800000, 0x0000000712800000| Complete 
| 149|0x0000000712a00000, 0x0000000712c00000, 0x0000000712c00000|100%| S|  |TAMS 0x0000000712a00000, 0x0000000712a00000| Complete 
| 150|0x0000000712c00000, 0x0000000712e00000, 0x0000000712e00000|100%| S|  |TAMS 0x0000000712c00000, 0x0000000712c00000| Complete 
| 151|0x0000000712e00000, 0x0000000713000000, 0x0000000713000000|100%| S|  |TAMS 0x0000000712e00000, 0x0000000712e00000| Complete 
| 152|0x0000000713000000, 0x0000000713200000, 0x0000000713200000|100%| S|  |TAMS 0x0000000713000000, 0x0000000713000000| Complete 
| 153|0x0000000713200000, 0x0000000713400000, 0x0000000713400000|100%| S|  |TAMS 0x0000000713200000, 0x0000000713200000| Complete 
| 154|0x0000000713400000, 0x0000000713600000, 0x0000000713600000|100%| S|  |TAMS 0x0000000713400000, 0x0000000713400000| Complete 
| 155|0x0000000713600000, 0x0000000713800000, 0x0000000713800000|100%| S|  |TAMS 0x0000000713600000, 0x0000000713600000| Complete 
| 156|0x0000000713800000, 0x0000000713a00000, 0x0000000713a00000|100%| S|  |TAMS 0x0000000713800000, 0x0000000713800000| Complete 
| 157|0x0000000713a00000, 0x0000000713c00000, 0x0000000713c00000|100%| S|  |TAMS 0x0000000713a00000, 0x0000000713a00000| Complete 
| 158|0x0000000713c00000, 0x0000000713e00000, 0x0000000713e00000|100%| S|  |TAMS 0x0000000713c00000, 0x0000000713c00000| Complete 
| 159|0x0000000713e00000, 0x0000000714000000, 0x0000000714000000|100%| E|CS|TAMS 0x0000000713e00000, 0x0000000713e00000| Complete 
| 160|0x0000000714000000, 0x0000000714200000, 0x0000000714200000|100%| E|CS|TAMS 0x0000000714000000, 0x0000000714000000| Complete 
| 161|0x0000000714200000, 0x0000000714400000, 0x0000000714400000|100%| E|CS|TAMS 0x0000000714200000, 0x0000000714200000| Complete 
| 162|0x0000000714400000, 0x0000000714600000, 0x0000000714600000|100%| E|CS|TAMS 0x0000000714400000, 0x0000000714400000| Complete 
| 163|0x0000000714600000, 0x0000000714800000, 0x0000000714800000|100%| E|CS|TAMS 0x0000000714600000, 0x0000000714600000| Complete 
| 164|0x0000000714800000, 0x0000000714a00000, 0x0000000714a00000|100%| E|CS|TAMS 0x0000000714800000, 0x0000000714800000| Complete 
| 165|0x0000000714a00000, 0x0000000714c00000, 0x0000000714c00000|100%| E|CS|TAMS 0x0000000714a00000, 0x0000000714a00000| Complete 
| 166|0x0000000714c00000, 0x0000000714e00000, 0x0000000714e00000|100%| E|CS|TAMS 0x0000000714c00000, 0x0000000714c00000| Complete 
| 167|0x0000000714e00000, 0x0000000715000000, 0x0000000715000000|100%| E|CS|TAMS 0x0000000714e00000, 0x0000000714e00000| Complete 
| 168|0x0000000715000000, 0x0000000715200000, 0x0000000715200000|100%| E|CS|TAMS 0x0000000715000000, 0x0000000715000000| Complete 
| 169|0x0000000715200000, 0x0000000715400000, 0x0000000715400000|100%| E|CS|TAMS 0x0000000715200000, 0x0000000715200000| Complete 
| 170|0x0000000715400000, 0x0000000715600000, 0x0000000715600000|100%| E|CS|TAMS 0x0000000715400000, 0x0000000715400000| Complete 
| 171|0x0000000715600000, 0x0000000715800000, 0x0000000715800000|100%| E|CS|TAMS 0x0000000715600000, 0x0000000715600000| Complete 
| 172|0x0000000715800000, 0x0000000715a00000, 0x0000000715a00000|100%| E|CS|TAMS 0x0000000715800000, 0x0000000715800000| Complete 
| 173|0x0000000715a00000, 0x0000000715c00000, 0x0000000715c00000|100%| E|CS|TAMS 0x0000000715a00000, 0x0000000715a00000| Complete 
| 174|0x0000000715c00000, 0x0000000715e00000, 0x0000000715e00000|100%| E|CS|TAMS 0x0000000715c00000, 0x0000000715c00000| Complete 
| 175|0x0000000715e00000, 0x0000000716000000, 0x0000000716000000|100%| E|CS|TAMS 0x0000000715e00000, 0x0000000715e00000| Complete 
| 176|0x0000000716000000, 0x0000000716200000, 0x0000000716200000|100%| E|CS|TAMS 0x0000000716000000, 0x0000000716000000| Complete 
| 177|0x0000000716200000, 0x0000000716400000, 0x0000000716400000|100%| E|CS|TAMS 0x0000000716200000, 0x0000000716200000| Complete 
| 178|0x0000000716400000, 0x0000000716600000, 0x0000000716600000|100%| E|CS|TAMS 0x0000000716400000, 0x0000000716400000| Complete 
| 179|0x0000000716600000, 0x0000000716800000, 0x0000000716800000|100%| E|CS|TAMS 0x0000000716600000, 0x0000000716600000| Complete 
| 180|0x0000000716800000, 0x0000000716a00000, 0x0000000716a00000|100%| E|CS|TAMS 0x0000000716800000, 0x0000000716800000| Complete 
| 181|0x0000000716a00000, 0x0000000716c00000, 0x0000000716c00000|100%| E|CS|TAMS 0x0000000716a00000, 0x0000000716a00000| Complete 
| 182|0x0000000716c00000, 0x0000000716e00000, 0x0000000716e00000|100%| E|CS|TAMS 0x0000000716c00000, 0x0000000716c00000| Complete 
| 183|0x0000000716e00000, 0x0000000717000000, 0x0000000717000000|100%| E|CS|TAMS 0x0000000716e00000, 0x0000000716e00000| Complete 
| 184|0x0000000717000000, 0x0000000717200000, 0x0000000717200000|100%| E|CS|TAMS 0x0000000717000000, 0x0000000717000000| Complete 
| 185|0x0000000717200000, 0x0000000717400000, 0x0000000717400000|100%| E|CS|TAMS 0x0000000717200000, 0x0000000717200000| Complete 
| 186|0x0000000717400000, 0x0000000717600000, 0x0000000717600000|100%| E|CS|TAMS 0x0000000717400000, 0x0000000717400000| Complete 
| 187|0x0000000717600000, 0x0000000717800000, 0x0000000717800000|100%| E|CS|TAMS 0x0000000717600000, 0x0000000717600000| Complete 
| 188|0x0000000717800000, 0x0000000717a00000, 0x0000000717a00000|100%| E|CS|TAMS 0x0000000717800000, 0x0000000717800000| Complete 
| 189|0x0000000717a00000, 0x0000000717c00000, 0x0000000717c00000|100%| E|CS|TAMS 0x0000000717a00000, 0x0000000717a00000| Complete 
| 190|0x0000000717c00000, 0x0000000717e00000, 0x0000000717e00000|100%| E|CS|TAMS 0x0000000717c00000, 0x0000000717c00000| Complete 
| 191|0x0000000717e00000, 0x0000000718000000, 0x0000000718000000|100%| E|CS|TAMS 0x0000000717e00000, 0x0000000717e00000| Complete 
| 192|0x0000000718000000, 0x0000000718200000, 0x0000000718200000|100%| E|CS|TAMS 0x0000000718000000, 0x0000000718000000| Complete 
| 193|0x0000000718200000, 0x0000000718400000, 0x0000000718400000|100%| E|CS|TAMS 0x0000000718200000, 0x0000000718200000| Complete 
| 194|0x0000000718400000, 0x0000000718600000, 0x0000000718600000|100%| E|CS|TAMS 0x0000000718400000, 0x0000000718400000| Complete 
| 195|0x0000000718600000, 0x0000000718800000, 0x0000000718800000|100%| E|CS|TAMS 0x0000000718600000, 0x0000000718600000| Complete 
| 196|0x0000000718800000, 0x0000000718a00000, 0x0000000718a00000|100%| E|CS|TAMS 0x0000000718800000, 0x0000000718800000| Complete 
| 197|0x0000000718a00000, 0x0000000718c00000, 0x0000000718c00000|100%| E|CS|TAMS 0x0000000718a00000, 0x0000000718a00000| Complete 
| 198|0x0000000718c00000, 0x0000000718e00000, 0x0000000718e00000|100%| E|CS|TAMS 0x0000000718c00000, 0x0000000718c00000| Complete 
| 199|0x0000000718e00000, 0x0000000719000000, 0x0000000719000000|100%| E|CS|TAMS 0x0000000718e00000, 0x0000000718e00000| Complete 
| 200|0x0000000719000000, 0x0000000719200000, 0x0000000719200000|100%| E|CS|TAMS 0x0000000719000000, 0x0000000719000000| Complete 
| 201|0x0000000719200000, 0x0000000719400000, 0x0000000719400000|100%| E|CS|TAMS 0x0000000719200000, 0x0000000719200000| Complete 
| 202|0x0000000719400000, 0x0000000719600000, 0x0000000719600000|100%| E|CS|TAMS 0x0000000719400000, 0x0000000719400000| Complete 
| 203|0x0000000719600000, 0x0000000719800000, 0x0000000719800000|100%| E|CS|TAMS 0x0000000719600000, 0x0000000719600000| Complete 
| 204|0x0000000719800000, 0x0000000719a00000, 0x0000000719a00000|100%| E|CS|TAMS 0x0000000719800000, 0x0000000719800000| Complete 
| 205|0x0000000719a00000, 0x0000000719c00000, 0x0000000719c00000|100%| E|CS|TAMS 0x0000000719a00000, 0x0000000719a00000| Complete 
| 206|0x0000000719c00000, 0x0000000719e00000, 0x0000000719e00000|100%| E|CS|TAMS 0x0000000719c00000, 0x0000000719c00000| Complete 
| 207|0x0000000719e00000, 0x000000071a000000, 0x000000071a000000|100%| E|CS|TAMS 0x0000000719e00000, 0x0000000719e00000| Complete 
| 208|0x000000071a000000, 0x000000071a200000, 0x000000071a200000|100%| E|CS|TAMS 0x000000071a000000, 0x000000071a000000| Complete 
| 209|0x000000071a200000, 0x000000071a400000, 0x000000071a400000|100%| E|CS|TAMS 0x000000071a200000, 0x000000071a200000| Complete 
| 210|0x000000071a400000, 0x000000071a600000, 0x000000071a600000|100%| E|CS|TAMS 0x000000071a400000, 0x000000071a400000| Complete 
| 211|0x000000071a600000, 0x000000071a800000, 0x000000071a800000|100%| E|CS|TAMS 0x000000071a600000, 0x000000071a600000| Complete 
| 212|0x000000071a800000, 0x000000071aa00000, 0x000000071aa00000|100%| E|CS|TAMS 0x000000071a800000, 0x000000071a800000| Complete 
| 213|0x000000071aa00000, 0x000000071ac00000, 0x000000071ac00000|100%| E|CS|TAMS 0x000000071aa00000, 0x000000071aa00000| Complete 
| 214|0x000000071ac00000, 0x000000071ae00000, 0x000000071ae00000|100%| E|CS|TAMS 0x000000071ac00000, 0x000000071ac00000| Complete 
| 215|0x000000071ae00000, 0x000000071b000000, 0x000000071b000000|100%| E|CS|TAMS 0x000000071ae00000, 0x000000071ae00000| Complete 
| 216|0x000000071b000000, 0x000000071b200000, 0x000000071b200000|100%| E|CS|TAMS 0x000000071b000000, 0x000000071b000000| Complete 
| 217|0x000000071b200000, 0x000000071b400000, 0x000000071b400000|100%| E|CS|TAMS 0x000000071b200000, 0x000000071b200000| Complete 
| 218|0x000000071b400000, 0x000000071b600000, 0x000000071b600000|100%| E|CS|TAMS 0x000000071b400000, 0x000000071b400000| Complete 
| 219|0x000000071b600000, 0x000000071b800000, 0x000000071b800000|100%| E|CS|TAMS 0x000000071b600000, 0x000000071b600000| Complete 
| 220|0x000000071b800000, 0x000000071ba00000, 0x000000071ba00000|100%| E|CS|TAMS 0x000000071b800000, 0x000000071b800000| Complete 
| 221|0x000000071ba00000, 0x000000071bc00000, 0x000000071bc00000|100%| E|CS|TAMS 0x000000071ba00000, 0x000000071ba00000| Complete 
| 222|0x000000071bc00000, 0x000000071be00000, 0x000000071be00000|100%| E|CS|TAMS 0x000000071bc00000, 0x000000071bc00000| Complete 
| 223|0x000000071be00000, 0x000000071c000000, 0x000000071c000000|100%| E|CS|TAMS 0x000000071be00000, 0x000000071be00000| Complete 
| 224|0x000000071c000000, 0x000000071c200000, 0x000000071c200000|100%| E|CS|TAMS 0x000000071c000000, 0x000000071c000000| Complete 
| 225|0x000000071c200000, 0x000000071c400000, 0x000000071c400000|100%| E|CS|TAMS 0x000000071c200000, 0x000000071c200000| Complete 
| 226|0x000000071c400000, 0x000000071c600000, 0x000000071c600000|100%| E|CS|TAMS 0x000000071c400000, 0x000000071c400000| Complete 
| 227|0x000000071c600000, 0x000000071c800000, 0x000000071c800000|100%| E|CS|TAMS 0x000000071c600000, 0x000000071c600000| Complete 
| 228|0x000000071c800000, 0x000000071ca00000, 0x000000071ca00000|100%| E|CS|TAMS 0x000000071c800000, 0x000000071c800000| Complete 
| 229|0x000000071ca00000, 0x000000071cc00000, 0x000000071cc00000|100%| E|CS|TAMS 0x000000071ca00000, 0x000000071ca00000| Complete 
| 230|0x000000071cc00000, 0x000000071ce00000, 0x000000071ce00000|100%| E|CS|TAMS 0x000000071cc00000, 0x000000071cc00000| Complete 
| 231|0x000000071ce00000, 0x000000071d000000, 0x000000071d000000|100%| E|CS|TAMS 0x000000071ce00000, 0x000000071ce00000| Complete 
| 232|0x000000071d000000, 0x000000071d200000, 0x000000071d200000|100%| E|CS|TAMS 0x000000071d000000, 0x000000071d000000| Complete 
| 233|0x000000071d200000, 0x000000071d400000, 0x000000071d400000|100%| E|CS|TAMS 0x000000071d200000, 0x000000071d200000| Complete 
| 234|0x000000071d400000, 0x000000071d600000, 0x000000071d600000|100%| E|CS|TAMS 0x000000071d400000, 0x000000071d400000| Complete 
| 235|0x000000071d600000, 0x000000071d800000, 0x000000071d800000|100%| E|CS|TAMS 0x000000071d600000, 0x000000071d600000| Complete 
| 236|0x000000071d800000, 0x000000071da00000, 0x000000071da00000|100%| E|CS|TAMS 0x000000071d800000, 0x000000071d800000| Complete 
| 237|0x000000071da00000, 0x000000071dc00000, 0x000000071dc00000|100%| E|CS|TAMS 0x000000071da00000, 0x000000071da00000| Complete 
| 238|0x000000071dc00000, 0x000000071de00000, 0x000000071de00000|100%| E|CS|TAMS 0x000000071dc00000, 0x000000071dc00000| Complete 
| 239|0x000000071de00000, 0x000000071e000000, 0x000000071e000000|100%| E|CS|TAMS 0x000000071de00000, 0x000000071de00000| Complete 
| 240|0x000000071e000000, 0x000000071e200000, 0x000000071e200000|100%| E|CS|TAMS 0x000000071e000000, 0x000000071e000000| Complete 
| 241|0x000000071e200000, 0x000000071e400000, 0x000000071e400000|100%| E|CS|TAMS 0x000000071e200000, 0x000000071e200000| Complete 
| 242|0x000000071e400000, 0x000000071e600000, 0x000000071e600000|100%| E|CS|TAMS 0x000000071e400000, 0x000000071e400000| Complete 
| 243|0x000000071e600000, 0x000000071e800000, 0x000000071e800000|100%| E|CS|TAMS 0x000000071e600000, 0x000000071e600000| Complete 
| 244|0x000000071e800000, 0x000000071ea00000, 0x000000071ea00000|100%| E|CS|TAMS 0x000000071e800000, 0x000000071e800000| Complete 
| 245|0x000000071ea00000, 0x000000071ec00000, 0x000000071ec00000|100%| E|CS|TAMS 0x000000071ea00000, 0x000000071ea00000| Complete 
| 246|0x000000071ec00000, 0x000000071ee00000, 0x000000071ee00000|100%| E|CS|TAMS 0x000000071ec00000, 0x000000071ec00000| Complete 
| 247|0x000000071ee00000, 0x000000071f000000, 0x000000071f000000|100%| E|CS|TAMS 0x000000071ee00000, 0x000000071ee00000| Complete 
| 248|0x000000071f000000, 0x000000071f200000, 0x000000071f200000|100%| E|CS|TAMS 0x000000071f000000, 0x000000071f000000| Complete 
| 249|0x000000071f200000, 0x000000071f400000, 0x000000071f400000|100%| E|CS|TAMS 0x000000071f200000, 0x000000071f200000| Complete 
| 250|0x000000071f400000, 0x000000071f600000, 0x000000071f600000|100%| E|CS|TAMS 0x000000071f400000, 0x000000071f400000| Complete 
| 251|0x000000071f600000, 0x000000071f800000, 0x000000071f800000|100%| E|CS|TAMS 0x000000071f600000, 0x000000071f600000| Complete 
| 252|0x000000071f800000, 0x000000071fa00000, 0x000000071fa00000|100%| E|CS|TAMS 0x000000071f800000, 0x000000071f800000| Complete 
| 253|0x000000071fa00000, 0x000000071fc00000, 0x000000071fc00000|100%| E|CS|TAMS 0x000000071fa00000, 0x000000071fa00000| Complete 
| 254|0x000000071fc00000, 0x000000071fe00000, 0x000000071fe00000|100%| E|CS|TAMS 0x000000071fc00000, 0x000000071fc00000| Complete 
| 255|0x000000071fe00000, 0x0000000720000000, 0x0000000720000000|100%| E|CS|TAMS 0x000000071fe00000, 0x000000071fe00000| Complete 
| 256|0x0000000720000000, 0x0000000720200000, 0x0000000720200000|100%| E|CS|TAMS 0x0000000720000000, 0x0000000720000000| Complete 
| 257|0x0000000720200000, 0x0000000720400000, 0x0000000720400000|100%| E|CS|TAMS 0x0000000720200000, 0x0000000720200000| Complete 
| 258|0x0000000720400000, 0x0000000720600000, 0x0000000720600000|100%| E|CS|TAMS 0x0000000720400000, 0x0000000720400000| Complete 
| 259|0x0000000720600000, 0x0000000720800000, 0x0000000720800000|100%| E|CS|TAMS 0x0000000720600000, 0x0000000720600000| Complete 
| 260|0x0000000720800000, 0x0000000720a00000, 0x0000000720a00000|100%| E|CS|TAMS 0x0000000720800000, 0x0000000720800000| Complete 
| 261|0x0000000720a00000, 0x0000000720c00000, 0x0000000720c00000|100%| E|CS|TAMS 0x0000000720a00000, 0x0000000720a00000| Complete 
| 262|0x0000000720c00000, 0x0000000720e00000, 0x0000000720e00000|100%| E|CS|TAMS 0x0000000720c00000, 0x0000000720c00000| Complete 
| 263|0x0000000720e00000, 0x0000000721000000, 0x0000000721000000|100%| E|CS|TAMS 0x0000000720e00000, 0x0000000720e00000| Complete 
| 264|0x0000000721000000, 0x0000000721200000, 0x0000000721200000|100%| E|CS|TAMS 0x0000000721000000, 0x0000000721000000| Complete 
| 265|0x0000000721200000, 0x0000000721400000, 0x0000000721400000|100%| E|CS|TAMS 0x0000000721200000, 0x0000000721200000| Complete 
| 266|0x0000000721400000, 0x0000000721600000, 0x0000000721600000|100%| E|CS|TAMS 0x0000000721400000, 0x0000000721400000| Complete 
| 267|0x0000000721600000, 0x0000000721800000, 0x0000000721800000|100%| E|CS|TAMS 0x0000000721600000, 0x0000000721600000| Complete 
| 268|0x0000000721800000, 0x0000000721a00000, 0x0000000721a00000|100%| E|CS|TAMS 0x0000000721800000, 0x0000000721800000| Complete 
| 269|0x0000000721a00000, 0x0000000721c00000, 0x0000000721c00000|100%| E|CS|TAMS 0x0000000721a00000, 0x0000000721a00000| Complete 
| 270|0x0000000721c00000, 0x0000000721e00000, 0x0000000721e00000|100%| E|CS|TAMS 0x0000000721c00000, 0x0000000721c00000| Complete 
| 271|0x0000000721e00000, 0x0000000722000000, 0x0000000722000000|100%| E|CS|TAMS 0x0000000721e00000, 0x0000000721e00000| Complete 
| 272|0x0000000722000000, 0x0000000722200000, 0x0000000722200000|100%| E|CS|TAMS 0x0000000722000000, 0x0000000722000000| Complete 
| 273|0x0000000722200000, 0x0000000722400000, 0x0000000722400000|100%| E|CS|TAMS 0x0000000722200000, 0x0000000722200000| Complete 
| 274|0x0000000722400000, 0x0000000722600000, 0x0000000722600000|100%| E|CS|TAMS 0x0000000722400000, 0x0000000722400000| Complete 
| 275|0x0000000722600000, 0x0000000722800000, 0x0000000722800000|100%| E|CS|TAMS 0x0000000722600000, 0x0000000722600000| Complete 
| 276|0x0000000722800000, 0x0000000722a00000, 0x0000000722a00000|100%| E|CS|TAMS 0x0000000722800000, 0x0000000722800000| Complete 
| 277|0x0000000722a00000, 0x0000000722c00000, 0x0000000722c00000|100%| E|CS|TAMS 0x0000000722a00000, 0x0000000722a00000| Complete 
| 278|0x0000000722c00000, 0x0000000722e00000, 0x0000000722e00000|100%| E|CS|TAMS 0x0000000722c00000, 0x0000000722c00000| Complete 
| 279|0x0000000722e00000, 0x0000000723000000, 0x0000000723000000|100%| E|CS|TAMS 0x0000000722e00000, 0x0000000722e00000| Complete 
| 280|0x0000000723000000, 0x0000000723200000, 0x0000000723200000|100%| E|CS|TAMS 0x0000000723000000, 0x0000000723000000| Complete 
| 281|0x0000000723200000, 0x0000000723400000, 0x0000000723400000|100%| E|CS|TAMS 0x0000000723200000, 0x0000000723200000| Complete 
| 282|0x0000000723400000, 0x0000000723600000, 0x0000000723600000|100%| E|CS|TAMS 0x0000000723400000, 0x0000000723400000| Complete 
| 283|0x0000000723600000, 0x0000000723800000, 0x0000000723800000|100%| E|CS|TAMS 0x0000000723600000, 0x0000000723600000| Complete 
| 284|0x0000000723800000, 0x0000000723a00000, 0x0000000723a00000|100%| E|CS|TAMS 0x0000000723800000, 0x0000000723800000| Complete 
| 285|0x0000000723a00000, 0x0000000723c00000, 0x0000000723c00000|100%| E|CS|TAMS 0x0000000723a00000, 0x0000000723a00000| Complete 
| 286|0x0000000723c00000, 0x0000000723e00000, 0x0000000723e00000|100%| E|CS|TAMS 0x0000000723c00000, 0x0000000723c00000| Complete 
| 287|0x0000000723e00000, 0x0000000724000000, 0x0000000724000000|100%| E|CS|TAMS 0x0000000723e00000, 0x0000000723e00000| Complete 
| 288|0x0000000724000000, 0x0000000724200000, 0x0000000724200000|100%| E|CS|TAMS 0x0000000724000000, 0x0000000724000000| Complete 
| 289|0x0000000724200000, 0x0000000724400000, 0x0000000724400000|100%| E|CS|TAMS 0x0000000724200000, 0x0000000724200000| Complete 
| 290|0x0000000724400000, 0x0000000724600000, 0x0000000724600000|100%| E|CS|TAMS 0x0000000724400000, 0x0000000724400000| Complete 
| 291|0x0000000724600000, 0x0000000724800000, 0x0000000724800000|100%| E|CS|TAMS 0x0000000724600000, 0x0000000724600000| Complete 
| 292|0x0000000724800000, 0x0000000724a00000, 0x0000000724a00000|100%| E|CS|TAMS 0x0000000724800000, 0x0000000724800000| Complete 
| 293|0x0000000724a00000, 0x0000000724c00000, 0x0000000724c00000|100%| E|CS|TAMS 0x0000000724a00000, 0x0000000724a00000| Complete 
| 294|0x0000000724c00000, 0x0000000724e00000, 0x0000000724e00000|100%| E|CS|TAMS 0x0000000724c00000, 0x0000000724c00000| Complete 
| 295|0x0000000724e00000, 0x0000000725000000, 0x0000000725000000|100%| E|CS|TAMS 0x0000000724e00000, 0x0000000724e00000| Complete 
| 296|0x0000000725000000, 0x0000000725200000, 0x0000000725200000|100%| E|CS|TAMS 0x0000000725000000, 0x0000000725000000| Complete 
| 297|0x0000000725200000, 0x0000000725400000, 0x0000000725400000|100%| E|CS|TAMS 0x0000000725200000, 0x0000000725200000| Complete 
| 298|0x0000000725400000, 0x0000000725600000, 0x0000000725600000|100%| E|CS|TAMS 0x0000000725400000, 0x0000000725400000| Complete 
| 299|0x0000000725600000, 0x0000000725800000, 0x0000000725800000|100%| E|CS|TAMS 0x0000000725600000, 0x0000000725600000| Complete 
| 300|0x0000000725800000, 0x0000000725a00000, 0x0000000725a00000|100%| E|CS|TAMS 0x0000000725800000, 0x0000000725800000| Complete 
| 301|0x0000000725a00000, 0x0000000725c00000, 0x0000000725c00000|100%| E|CS|TAMS 0x0000000725a00000, 0x0000000725a00000| Complete 
| 302|0x0000000725c00000, 0x0000000725e00000, 0x0000000725e00000|100%| E|CS|TAMS 0x0000000725c00000, 0x0000000725c00000| Complete 
| 303|0x0000000725e00000, 0x0000000726000000, 0x0000000726000000|100%| E|CS|TAMS 0x0000000725e00000, 0x0000000725e00000| Complete 
| 304|0x0000000726000000, 0x0000000726200000, 0x0000000726200000|100%| E|CS|TAMS 0x0000000726000000, 0x0000000726000000| Complete 

Card table byte_map: [0x000001d01aba0000,0x000001d01b3a0000] _byte_map_base: 0x000001d0173a0000

Marking Bits (Prev, Next): (CMBitMap*) 0x000001d003a808d0, (CMBitMap*) 0x000001d003a80910
 Prev Bits: [0x000001d01bba0000, 0x000001d01fba0000)
 Next Bits: [0x000001d01fba0000, 0x000001d023ba0000)

Polling page: 0x000001d001980000

Metaspace:

Usage:
  Non-class:     33.98 MB used.
      Class:      6.00 MB used.
       Both:     39.98 MB used.

Virtual space:
  Non-class space:       40.00 MB reserved,      34.31 MB ( 86%) committed,  5 nodes.
      Class space:        1.00 GB reserved,       6.25 MB ( <1%) committed,  1 nodes.
             Both:        1.04 GB reserved,      40.56 MB (  4%) committed. 

Chunk freelists:
   Non-Class:  1.61 MB
       Class:  1.58 MB
        Both:  3.19 MB

MaxMetaspaceSize: unlimited
CompressedClassSpaceSize: 1.00 GB
Initial GC threshold: 21.00 MB
Current GC threshold: 59.31 MB
CDS: on
MetaspaceReclaimPolicy: balanced
 - commit_granule_bytes: 65536.
 - commit_granule_words: 8192.
 - virtual_space_node_default_size: 1048576.
 - enlarge_chunks_in_place: 1.
 - new_chunks_are_fully_committed: 0.
 - uncommit_free_chunks: 1.
 - use_allocation_guard: 0.
 - handle_deallocations: 1.


Internal statistics:

num_allocs_failed_limit: 6.
num_arena_births: 698.
num_arena_deaths: 0.
num_vsnodes_births: 6.
num_vsnodes_deaths: 0.
num_space_committed: 646.
num_space_uncommitted: 0.
num_chunks_returned_to_freelist: 6.
num_chunks_taken_from_freelist: 2193.
num_chunk_merges: 6.
num_chunk_splits: 1449.
num_chunks_enlarged: 1063.
num_purges: 0.
num_inconsistent_stats: 0.

CodeHeap 'non-profiled nmethods': size=120000Kb used=2519Kb max_used=2856Kb free=117480Kb
 bounds [0x000001d012d60000, 0x000001d013030000, 0x000001d01a290000]
CodeHeap 'profiled nmethods': size=120000Kb used=7000Kb max_used=9173Kb free=113000Kb
 bounds [0x000001d00b830000, 0x000001d00c130000, 0x000001d012d60000]
CodeHeap 'non-nmethods': size=5760Kb used=1449Kb max_used=1516Kb free=4310Kb
 bounds [0x000001d00b290000, 0x000001d00b500000, 0x000001d00b830000]
 total_blobs=5149 nmethods=4332 adapters=729
 compilation: enabled
              stopped_count=0, restarted_count=0
 full_count=0

Compilation events (20 events):
Event: 4.096 Thread 0x000001d0263b8840 5464       3       com.mojang.datafixers.types.templates.Hook::equals (69 bytes)
Event: 4.096 Thread 0x000001d027b88540 nmethod 5460 0x000001d012db2d10 code [0x000001d012db2ee0, 0x000001d012db3328]
Event: 4.096 Thread 0x000001d027b88540 5462       4       com.mojang.datafixers.types.templates.Tag$TagType::cap (38 bytes)
Event: 4.096 Thread 0x000001d0263b8840 nmethod 5464 0x000001d00b8e3290 code [0x000001d00b8e34c0, 0x000001d00b8e3f88]
Event: 4.097 Thread 0x000001d0263b8840 5465 %     3       com.mojang.datafixers.types.families.RecursiveTypeFamily::everywhere @ 65 (260 bytes)
Event: 4.098 Thread 0x000001d027b88540 nmethod 5462 0x000001d012f8f390 code [0x000001d012f8f540, 0x000001d012f8f7f8]
Event: 4.099 Thread 0x000001d0263b8840 nmethod 5465% 0x000001d00b995710 code [0x000001d00b995da0, 0x000001d00b99a028]
Event: 4.099 Thread 0x000001d027b88540 5466       4       java.lang.invoke.DelegatingMethodHandle::rebind (8 bytes)
Event: 4.100 Thread 0x000001d0263b8840 5467       3       com.mojang.datafixers.types.templates.TaggedChoice::equals (69 bytes)
Event: 4.101 Thread 0x000001d0263b8840 nmethod 5467 0x000001d00b8f0810 code [0x000001d00b8f0a40, 0x000001d00b8f1528]
Event: 4.102 Thread 0x000001d027b88540 nmethod 5466 0x000001d012ecae10 code [0x000001d012ecafa0, 0x000001d012ecb058]
Event: 4.102 Thread 0x000001d027b88540 5468       4       java.util.Spliterators$IteratorSpliterator::tryAdvance (77 bytes)
Event: 4.103 Thread 0x000001d027b88540 nmethod 5468 0x000001d012d75010 code [0x000001d012d751c0, 0x000001d012d75408]
Event: 4.103 Thread 0x000001d027b88540 5469       4       com.mojang.datafixers.util.Pair::hashCode (22 bytes)
Event: 4.103 Thread 0x000001d0263b8840 5470       3       it.unimi.dsi.fastutil.ints.Int2ObjectMaps::synchronize (9 bytes)
Event: 4.104 Thread 0x000001d0263b8840 nmethod 5470 0x000001d00bdf3a10 code [0x000001d00bdf3be0, 0x000001d00bdf4088]
Event: 4.104 Thread 0x000001d0263b8840 5471       3       it.unimi.dsi.fastutil.ints.Int2ObjectMaps$SynchronizedMap::<init> (11 bytes)
Event: 4.104 Thread 0x000001d0263b8840 nmethod 5471 0x000001d00ba62590 code [0x000001d00ba62760, 0x000001d00ba62b68]
Event: 4.105 Thread 0x000001d027b88540 nmethod 5469 0x000001d012d83b90 code [0x000001d012d83d20, 0x000001d012d83ed8]
Event: 4.106 Thread 0x000001d0263bc570 nmethod 5459 0x000001d012ee9510 code [0x000001d012ee9720, 0x000001d012eea548]

GC Heap History (20 events):
Event: 0.697 GC heap after
{Heap after GC invocations=3 (full 0):
 garbage-first heap   total 262144K, used 21144K [0x0000000700000000, 0x0000000800000000)
  region size 2048K, 2 young (4096K), 2 survivors (4096K)
 Metaspace       used 6856K, committed 7040K, reserved 1056768K
  class space    used 776K, committed 896K, reserved 1048576K
}
Event: 1.695 GC heap before
{Heap before GC invocations=3 (full 0):
 garbage-first heap   total 262144K, used 74392K [0x0000000700000000, 0x0000000800000000)
  region size 2048K, 23 young (47104K), 2 survivors (4096K)
 Metaspace       used 21189K, committed 21504K, reserved 1073152K
  class space    used 2606K, committed 2752K, reserved 1048576K
}
Event: 1.700 GC heap after
{Heap after GC invocations=4 (full 0):
 garbage-first heap   total 262144K, used 37479K [0x0000000700000000, 0x0000000800000000)
  region size 2048K, 4 young (8192K), 4 survivors (8192K)
 Metaspace       used 21189K, committed 21504K, reserved 1073152K
  class space    used 2606K, committed 2752K, reserved 1048576K
}
Event: 2.063 GC heap before
{Heap before GC invocations=5 (full 0):
 garbage-first heap   total 137216K, used 105063K [0x0000000700000000, 0x0000000800000000)
  region size 2048K, 38 young (77824K), 4 survivors (8192K)
 Metaspace       used 23849K, committed 24192K, reserved 1073152K
  class space    used 2972K, committed 3136K, reserved 1048576K
}
Event: 2.071 GC heap after
{Heap after GC invocations=6 (full 0):
 garbage-first heap   total 137216K, used 44260K [0x0000000700000000, 0x0000000800000000)
  region size 2048K, 5 young (10240K), 5 survivors (10240K)
 Metaspace       used 23849K, committed 24192K, reserved 1073152K
  class space    used 2972K, committed 3136K, reserved 1048576K
}
Event: 2.074 GC heap before
{Heap before GC invocations=6 (full 0):
 garbage-first heap   total 137216K, used 46308K [0x0000000700000000, 0x0000000800000000)
  region size 2048K, 6 young (12288K), 5 survivors (10240K)
 Metaspace       used 23850K, committed 24192K, reserved 1073152K
  class space    used 2972K, committed 3136K, reserved 1048576K
}
Event: 2.081 GC heap after
{Heap after GC invocations=7 (full 0):
 garbage-first heap   total 137216K, used 43951K [0x0000000700000000, 0x0000000800000000)
  region size 2048K, 1 young (2048K), 1 survivors (2048K)
 Metaspace       used 23850K, committed 24192K, reserved 1073152K
  class space    used 2972K, committed 3136K, reserved 1048576K
}
Event: 2.227 GC heap before
{Heap before GC invocations=7 (full 0):
 garbage-first heap   total 137216K, used 91055K [0x0000000700000000, 0x0000000800000000)
  region size 2048K, 24 young (49152K), 1 survivors (2048K)
 Metaspace       used 24595K, committed 24960K, reserved 1073152K
  class space    used 3089K, committed 3264K, reserved 1048576K
}
Event: 2.233 GC heap after
{Heap after GC invocations=8 (full 0):
 garbage-first heap   total 339968K, used 48129K [0x0000000700000000, 0x0000000800000000)
  region size 2048K, 3 young (6144K), 3 survivors (6144K)
 Metaspace       used 24595K, committed 24960K, reserved 1073152K
  class space    used 3089K, committed 3264K, reserved 1048576K
}
Event: 2.618 GC heap before
{Heap before GC invocations=8 (full 0):
 garbage-first heap   total 339968K, used 232449K [0x0000000700000000, 0x0000000800000000)
  region size 2048K, 93 young (190464K), 3 survivors (6144K)
 Metaspace       used 25427K, committed 25728K, reserved 1073152K
  class space    used 3201K, committed 3328K, reserved 1048576K
}
Event: 2.631 GC heap after
{Heap after GC invocations=9 (full 0):
 garbage-first heap   total 339968K, used 67598K [0x0000000700000000, 0x0000000800000000)
  region size 2048K, 12 young (24576K), 12 survivors (24576K)
 Metaspace       used 25427K, committed 25728K, reserved 1073152K
  class space    used 3201K, committed 3328K, reserved 1048576K
}
Event: 3.413 GC heap before
{Heap before GC invocations=9 (full 0):
 garbage-first heap   total 339968K, used 229390K [0x0000000700000000, 0x0000000800000000)
  region size 2048K, 92 young (188416K), 12 survivors (24576K)
 Metaspace       used 35778K, committed 36160K, reserved 1081344K
  class space    used 5208K, committed 5376K, reserved 1048576K
}
Event: 3.437 GC heap after
{Heap after GC invocations=10 (full 0):
 garbage-first heap   total 339968K, used 99054K [0x0000000700000000, 0x0000000800000000)
  region size 2048K, 12 young (24576K), 12 survivors (24576K)
 Metaspace       used 35778K, committed 36160K, reserved 1081344K
  class space    used 5208K, committed 5376K, reserved 1048576K
}
Event: 3.683 GC heap before
{Heap before GC invocations=11 (full 0):
 garbage-first heap   total 339968K, used 236270K [0x0000000700000000, 0x0000000800000000)
  region size 2048K, 79 young (161792K), 12 survivors (24576K)
 Metaspace       used 37277K, committed 37696K, reserved 1081344K
  class space    used 5508K, committed 5696K, reserved 1048576K
}
Event: 3.702 GC heap after
{Heap after GC invocations=12 (full 0):
 garbage-first heap   total 339968K, used 119448K [0x0000000700000000, 0x0000000800000000)
  region size 2048K, 9 young (18432K), 9 survivors (18432K)
 Metaspace       used 37277K, committed 37696K, reserved 1081344K
  class space    used 5508K, committed 5696K, reserved 1048576K
}
Event: 3.813 GC heap before
{Heap before GC invocations=12 (full 0):
 garbage-first heap   total 339968K, used 252568K [0x0000000700000000, 0x0000000800000000)
  region size 2048K, 73 young (149504K), 9 survivors (18432K)
 Metaspace       used 38256K, committed 38784K, reserved 1089536K
  class space    used 5696K, committed 5952K, reserved 1048576K
}
Event: 3.832 GC heap after
{Heap after GC invocations=13 (full 0):
 garbage-first heap   total 339968K, used 140702K [0x0000000700000000, 0x0000000800000000)
  region size 2048K, 10 young (20480K), 10 survivors (20480K)
 Metaspace       used 38256K, committed 38784K, reserved 1089536K
  class space    used 5696K, committed 5952K, reserved 1048576K
}
Event: 3.928 GC heap before
{Heap before GC invocations=13 (full 0):
 garbage-first heap   total 339968K, used 259486K [0x0000000700000000, 0x0000000800000000)
  region size 2048K, 68 young (139264K), 10 survivors (20480K)
 Metaspace       used 39614K, committed 40192K, reserved 1089536K
  class space    used 5917K, committed 6208K, reserved 1048576K
}
Event: 3.948 GC heap after
{Heap after GC invocations=14 (full 0):
 garbage-first heap   total 624640K, used 158117K [0x0000000700000000, 0x0000000800000000)
  region size 2048K, 9 young (18432K), 9 survivors (18432K)
 Metaspace       used 39614K, committed 40192K, reserved 1089536K
  class space    used 5917K, committed 6208K, reserved 1048576K
}
Event: 4.107 GC heap before
{Heap before GC invocations=14 (full 0):
 garbage-first heap   total 624640K, used 455077K [0x0000000700000000, 0x0000000800000000)
  region size 2048K, 155 young (317440K), 9 survivors (18432K)
 Metaspace       used 40939K, committed 41536K, reserved 1089536K
  class space    used 6144K, committed 6400K, reserved 1048576K
}

Deoptimization events (20 events):
Event: 4.019 Thread 0x000001d0271bb920 Uncommon trap: trap_request=0xffffffc6 fr.pc=0x000001d012dda194 relative=0x00000000000001b4
Event: 4.019 Thread 0x000001d0271bb920 Uncommon trap: reason=bimorphic_or_optimized_type_check action=maybe_recompile pc=0x000001d012dda194 method=java.util.stream.ReferencePipeline$2$1.accept(Ljava/lang/Object;)V @ 21 c2
Event: 4.019 Thread 0x000001d0271bb920 DEOPT PACKING pc=0x000001d012dda194 sp=0x000000c043efca40
Event: 4.019 Thread 0x000001d0271bb920 DEOPT UNPACKING pc=0x000001d00b2e23a3 sp=0x000000c043efc9c8 mode 2
Event: 4.026 Thread 0x000001d027f01f30 Uncommon trap: trap_request=0xffffff45 fr.pc=0x000001d012fd9e64 relative=0x0000000000000204
Event: 4.026 Thread 0x000001d027f01f30 Uncommon trap: reason=unstable_if action=reinterpret pc=0x000001d012fd9e64 method=com.mojang.datafixers.functions.PointFreeRule$SortInj.doRewrite(Lcom/mojang/datafixers/types/Type;Lcom/mojang/datafixers/types/Type;Lcom/mojang/datafixers/functions/PointFre
Event: 4.026 Thread 0x000001d027f01f30 DEOPT PACKING pc=0x000001d012fd9e64 sp=0x000000c044bfcc30
Event: 4.026 Thread 0x000001d027f01f30 DEOPT UNPACKING pc=0x000001d00b2e23a3 sp=0x000000c044bfcb68 mode 2
Event: 4.036 Thread 0x000001d0271bb920 Uncommon trap: trap_request=0xffffff45 fr.pc=0x000001d012f84fd8 relative=0x0000000000000798
Event: 4.036 Thread 0x000001d0271bb920 Uncommon trap: reason=unstable_if action=reinterpret pc=0x000001d012f84fd8 method=java.lang.invoke.AbstractValidatingLambdaMetafactory.isAdaptableTo(Ljava/lang/Class;Ljava/lang/Class;Z)Z @ 27 c2
Event: 4.036 Thread 0x000001d0271bb920 DEOPT PACKING pc=0x000001d012f84fd8 sp=0x000000c043efbb20
Event: 4.036 Thread 0x000001d0271bb920 DEOPT UNPACKING pc=0x000001d00b2e23a3 sp=0x000000c043efbac0 mode 2
Event: 4.095 Thread 0x000001d027eff3e0 Uncommon trap: trap_request=0xffffff45 fr.pc=0x000001d012ff93f4 relative=0x0000000000000154
Event: 4.095 Thread 0x000001d027eff3e0 Uncommon trap: reason=unstable_if action=reinterpret pc=0x000001d012ff93f4 method=com.mojang.datafixers.types.templates.Hook.equals(Ljava/lang/Object;)Z @ 46 c2
Event: 4.095 Thread 0x000001d027eff3e0 DEOPT PACKING pc=0x000001d012ff93f4 sp=0x000000c044afd7e0
Event: 4.095 Thread 0x000001d027eff3e0 DEOPT UNPACKING pc=0x000001d00b2e23a3 sp=0x000000c044afd778 mode 2
Event: 4.100 Thread 0x000001d027eff3e0 Uncommon trap: trap_request=0xffffff45 fr.pc=0x000001d012fec884 relative=0x0000000000000264
Event: 4.100 Thread 0x000001d027eff3e0 Uncommon trap: reason=unstable_if action=reinterpret pc=0x000001d012fec884 method=com.mojang.datafixers.types.templates.TaggedChoice.equals(Ljava/lang/Object;)Z @ 46 c2
Event: 4.100 Thread 0x000001d027eff3e0 DEOPT PACKING pc=0x000001d012fec884 sp=0x000000c044afd860
Event: 4.100 Thread 0x000001d027eff3e0 DEOPT UNPACKING pc=0x000001d00b2e23a3 sp=0x000000c044afd7f8 mode 2

Classes unloaded (0 events):
No events

Classes redefined (0 events):
No events

Internal exceptions (20 events):
Event: 3.793 Thread 0x000001d0271bb920 Exception <a 'java/lang/NoSuchMethodError'{0x000000070e61ffb0}: 'float java.lang.invoke.DirectMethodHandle$Holder.invokeSpecial(java.lang.Object, java.lang.Object)'> (0x000000070e61ffb0) 
thrown [t:\workspace\open\src\hotspot\share\interpreter\linkResolver.cpp, line 766]
Event: 3.794 Thread 0x000001d0271bb920 Exception <a 'java/lang/NoSuchMethodError'{0x000000070e6313d0}: 'java.lang.Object java.lang.invoke.DirectMethodHandle$Holder.invokeInterface(java.lang.Object, java.lang.Object, java.lang.Object)'> (0x000000070e6313d0) 
thrown [t:\workspace\open\src\hotspot\share\interpreter\linkResolver.cpp, line 766]
Event: 3.800 Thread 0x000001d0271bb920 Exception <a 'java/lang/NoSuchMethodError'{0x000000070e67a9b0}: 'void java.lang.invoke.DelegatingMethodHandle$Holder.delegate(java.lang.Object, java.lang.Object, int, java.lang.Object)'> (0x000000070e67a9b0) 
thrown [t:\workspace\open\src\hotspot\share\interpreter\linkResolver.cpp, line 766]
Event: 3.805 Thread 0x000001d0271bb920 Exception <a 'java/lang/NoSuchMethodError'{0x000000070e69d5d8}: 'int java.lang.invoke.DirectMethodHandle$Holder.invokeStaticInit(java.lang.Object, long, long)'> (0x000000070e69d5d8) 
thrown [t:\workspace\open\src\hotspot\share\interpreter\linkResolver.cpp, line 766]
Event: 3.806 Thread 0x000001d0271bb920 Exception <a 'java/lang/NoSuchMethodError'{0x000000070e6a4428}: 'int java.lang.invoke.DirectMethodHandle$Holder.invokeStaticInit(java.lang.Object, float, float)'> (0x000000070e6a4428) 
thrown [t:\workspace\open\src\hotspot\share\interpreter\linkResolver.cpp, line 766]
Event: 3.806 Thread 0x000001d0271bb920 Exception <a 'java/lang/NoSuchMethodError'{0x000000070e6ab280}: 'int java.lang.invoke.DirectMethodHandle$Holder.invokeStaticInit(java.lang.Object, double, double)'> (0x000000070e6ab280) 
thrown [t:\workspace\open\src\hotspot\share\interpreter\linkResolver.cpp, line 766]
Event: 3.806 Thread 0x000001d0271bb920 Exception <a 'java/lang/NoSuchMethodError'{0x000000070e6af6d0}: 'int java.lang.invoke.DirectMethodHandle$Holder.invokeStatic(java.lang.Object, long)'> (0x000000070e6af6d0) 
thrown [t:\workspace\open\src\hotspot\share\interpreter\linkResolver.cpp, line 766]
Event: 3.807 Thread 0x000001d0271bb920 Exception <a 'java/lang/NoSuchMethodError'{0x000000070e6ba968}: 'java.lang.Object java.lang.invoke.DirectMethodHandle$Holder.invokeStatic(java.lang.Object, float)'> (0x000000070e6ba968) 
thrown [t:\workspace\open\src\hotspot\share\interpreter\linkResolver.cpp, line 766]
Event: 3.809 Thread 0x000001d0271bb920 Exception <a 'java/lang/NoSuchMethodError'{0x000000070e6e22c0}: 'float java.lang.invoke.DirectMethodHandle$Holder.invokeStatic(java.lang.Object, java.lang.Object)'> (0x000000070e6e22c0) 
thrown [t:\workspace\open\src\hotspot\share\interpreter\linkResolver.cpp, line 766]
Event: 3.809 Thread 0x000001d0271bb920 Exception <a 'java/lang/NoSuchMethodError'{0x000000070e6e5618}: 'float java.lang.invoke.DirectMethodHandle$Holder.invokeStaticInit(java.lang.Object, java.lang.Object)'> (0x000000070e6e5618) 
thrown [t:\workspace\open\src\hotspot\share\interpreter\linkResolver.cpp, line 766]
Event: 3.876 Thread 0x000001d0271bb920 Exception <a 'java/lang/NoSuchMethodError'{0x00000007125958d0}: 'double java.lang.invoke.DirectMethodHandle$Holder.invokeSpecial(java.lang.Object, java.lang.Object)'> (0x00000007125958d0) 
thrown [t:\workspace\open\src\hotspot\share\interpreter\linkResolver.cpp, line 766]
Event: 3.876 Thread 0x000001d0271bb920 Exception <a 'java/lang/NoSuchMethodError'{0x000000071259e288}: 'java.lang.Object java.lang.invoke.DirectMethodHandle$Holder.newInvokeSpecial(java.lang.Object, java.lang.Object, double, double)'> (0x000000071259e288) 
thrown [t:\workspace\open\src\hotspot\share\interpreter\linkResolver.cpp, line 766]
Event: 3.883 Thread 0x000001d0271bb920 Exception <a 'java/lang/NoSuchMethodError'{0x0000000710de90e8}: 'java.lang.Object java.lang.invoke.DirectMethodHandle$Holder.newInvokeSpecial(java.lang.Object, long)'> (0x0000000710de90e8) 
thrown [t:\workspace\open\src\hotspot\share\interpreter\linkResolver.cpp, line 766]
Event: 3.885 Thread 0x000001d0271bb920 Exception <a 'java/lang/NoSuchMethodError'{0x0000000710883468}: 'float java.lang.invoke.DirectMethodHandle$Holder.invokeStatic(java.lang.Object, float)'> (0x0000000710883468) 
thrown [t:\workspace\open\src\hotspot\share\interpreter\linkResolver.cpp, line 766]
Event: 3.958 Thread 0x000001d0271bb920 Exception <a 'java/lang/NoSuchMethodError'{0x0000000726016cc8}: 'java.lang.Object java.lang.invoke.DirectMethodHandle$Holder.newInvokeSpecial(java.lang.Object, java.lang.Object, int, java.lang.Object)'> (0x0000000726016cc8) 
thrown [t:\workspace\open\src\hotspot\share\interpreter\linkResolver.cpp, line 766]
Event: 3.989 Thread 0x000001d0271bb920 Exception <a 'java/lang/NoSuchMethodError'{0x000000072413e928}: 'int java.lang.invoke.DirectMethodHandle$Holder.invokeSpecialIFC(java.lang.Object, java.lang.Object, java.lang.Object, java.lang.Object)'> (0x000000072413e928) 
thrown [t:\workspace\open\src\hotspot\share\interpreter\linkResolver.cpp, line 766]
Event: 4.036 Thread 0x000001d0271bb920 Implicit null exception at 0x000001d012f84b2b to 0x000001d012f84fb8
Event: 4.041 Thread 0x000001d0271bb920 Exception <a 'java/lang/NoSuchMethodError'{0x000000071da38d88}: 'void java.lang.invoke.DirectMethodHandle$Holder.invokeStaticInit(java.lang.Object, java.lang.Object, java.lang.Object, java.lang.Object, java.lang.Object, java.lang.Object)'> (0x000000071da38d88) 
thrown [t:\workspace\open\src\hotspot\share\interpreter\linkResolver.cpp, line 766]
Event: 4.041 Thread 0x000001d0271bb920 Exception <a 'java/lang/NoSuchMethodError'{0x000000071da3eda8}: 'java.lang.Object java.lang.invoke.DirectMethodHandle$Holder.invokeStatic(java.lang.Object, java.lang.Object, java.lang.Object, java.lang.Object, java.lang.Object, java.lang.Object, java.lang.Object, java.lang.Object, java.lang.Object, java.lang.Object, int)'> (0x000000071da3eda8) 
thrown [t:\workspace\open\src\hotspot\share\interpreter\linkResolver.cpp, line 766]
Event: 4.042 Thread 0x000001d0271bb920 Exception <a 'java/lang/NoSuchMethodError'{0x000000071da433d8}: 'java.lang.Object java.lang.invoke.DirectMethodHandle$Holder.invokeStaticInit(java.lang.Object, java.lang.Object, java.lang.Object, java.lang.Object, java.lang.Object, java.lang.Object, java.lang.Object, java.lang.Object, java.lang.Object, java.lang.Object, int)'> (0x000000071da433d8) 
thrown [t:\workspace\open\src\hotspot\share\interpreter\linkResolver.cpp, line 766]

VM Operations (20 events):
Event: 3.623 Executing VM operation: ICBufferFull done
Event: 3.682 Executing VM operation: G1CollectForAllocation
Event: 3.702 Executing VM operation: G1CollectForAllocation done
Event: 3.813 Executing VM operation: G1CollectForAllocation
Event: 3.833 Executing VM operation: G1CollectForAllocation done
Event: 3.892 Executing VM operation: HandshakeAllThreads
Event: 3.892 Executing VM operation: HandshakeAllThreads done
Event: 3.892 Executing VM operation: HandshakeAllThreads
Event: 3.893 Executing VM operation: HandshakeAllThreads done
Event: 3.900 Executing VM operation: HandshakeAllThreads
Event: 3.900 Executing VM operation: HandshakeAllThreads done
Event: 3.926 Executing VM operation: HandshakeAllThreads
Event: 3.926 Executing VM operation: HandshakeAllThreads done
Event: 3.927 Executing VM operation: G1CollectForAllocation
Event: 3.927 Executing VM operation: G1CollectForAllocation done
Event: 3.928 Executing VM operation: G1CollectForAllocation
Event: 3.948 Executing VM operation: G1CollectForAllocation done
Event: 4.092 Executing VM operation: ICBufferFull
Event: 4.096 Executing VM operation: ICBufferFull done
Event: 4.107 Executing VM operation: G1CollectForAllocation

Events (20 events):
Event: 3.953 Thread 0x000001d0263bff80 flushing nmethod 0x000001d00c0c0990
Event: 3.953 Thread 0x000001d0263bff80 flushing nmethod 0x000001d00c0c0f90
Event: 3.953 Thread 0x000001d0263bff80 flushing nmethod 0x000001d00c0c1c10
Event: 3.953 Thread 0x000001d0263bff80 flushing nmethod 0x000001d00c0c2490
Event: 3.953 Thread 0x000001d0263bff80 flushing nmethod 0x000001d00c0c2910
Event: 3.953 Thread 0x000001d0263bff80 flushing nmethod 0x000001d00c0c3c10
Event: 3.953 Thread 0x000001d0263bff80 flushing nmethod 0x000001d00c0c4d10
Event: 3.953 Thread 0x000001d0263bff80 flushing nmethod 0x000001d00c0cd010
Event: 3.953 Thread 0x000001d0263bff80 flushing nmethod 0x000001d00c0cd490
Event: 3.953 Thread 0x000001d0263bff80 flushing nmethod 0x000001d00c0ce190
Event: 3.953 Thread 0x000001d0263bff80 flushing nmethod 0x000001d00c0d0290
Event: 3.953 Thread 0x000001d0263bff80 flushing nmethod 0x000001d00c0d3f90
Event: 3.953 Thread 0x000001d0263bff80 flushing nmethod 0x000001d00c0d6590
Event: 3.953 Thread 0x000001d0263bff80 flushing nmethod 0x000001d00c0d7d10
Event: 3.953 Thread 0x000001d0263bff80 flushing nmethod 0x000001d00c0d8f10
Event: 3.953 Thread 0x000001d0263bff80 flushing nmethod 0x000001d00c0dbd10
Event: 3.953 Thread 0x000001d0263bff80 flushing nmethod 0x000001d00c0ea010
Event: 3.953 Thread 0x000001d0263bff80 flushing nmethod 0x000001d00c0f1790
Event: 4.086 loading class java/util/function/LongUnaryOperator
Event: 4.086 loading class java/util/function/LongUnaryOperator done


Dynamic libraries:
0x00007ff68dc50000 - 0x00007ff68dc60000 	C:\Program Files\Java\jdk-17.0.2\bin\java.exe
0x00007ff963170000 - 0x00007ff963365000 	C:\WINDOWS\SYSTEM32\ntdll.dll
0x00007ff9628f0000 - 0x00007ff9629ae000 	C:\WINDOWS\System32\KERNEL32.DLL
0x00007ff960980000 - 0x00007ff960c48000 	C:\WINDOWS\System32\KERNELBASE.dll
0x00007ff960880000 - 0x00007ff960980000 	C:\WINDOWS\System32\ucrtbase.dll
0x00007ff95ae70000 - 0x00007ff95ae8a000 	C:\Program Files\Java\jdk-17.0.2\bin\VCRUNTIME140.dll
0x00007ff950c20000 - 0x00007ff950c38000 	C:\Program Files\Java\jdk-17.0.2\bin\jli.dll
0x00007ff961210000 - 0x00007ff9612be000 	C:\WINDOWS\System32\ADVAPI32.dll
0x00007ff962080000 - 0x00007ff96211e000 	C:\WINDOWS\System32\msvcrt.dll
0x00007ff9629b0000 - 0x00007ff962a4c000 	C:\WINDOWS\System32\sechost.dll
0x00007ff9612c0000 - 0x00007ff9613e5000 	C:\WINDOWS\System32\RPCRT4.dll
0x00007ff962c20000 - 0x00007ff962dc1000 	C:\WINDOWS\System32\USER32.dll
0x00007ff95fc80000 - 0x00007ff95ff1a000 	C:\WINDOWS\WinSxS\amd64_microsoft.windows.common-controls_6595b64144ccf1df_6.0.19041.1110_none_60b5254171f9507e\COMCTL32.dll
0x00007ff960c50000 - 0x00007ff960c72000 	C:\WINDOWS\System32\win32u.dll
0x00007ff962b90000 - 0x00007ff962bbb000 	C:\WINDOWS\System32\GDI32.dll
0x00007ff960f10000 - 0x00007ff96101d000 	C:\WINDOWS\System32\gdi32full.dll
0x00007ff958c70000 - 0x00007ff958c7a000 	C:\WINDOWS\SYSTEM32\VERSION.dll
0x00007ff960cd0000 - 0x00007ff960d6d000 	C:\WINDOWS\System32\msvcp_win.dll
0x00007ff961fd0000 - 0x00007ff962000000 	C:\WINDOWS\System32\IMM32.DLL
0x00007ff957250000 - 0x00007ff95725c000 	C:\Program Files\Java\jdk-17.0.2\bin\vcruntime140_1.dll
0x00007ff940830000 - 0x00007ff9408bd000 	C:\Program Files\Java\jdk-17.0.2\bin\msvcp140.dll
0x00007ff93fc60000 - 0x00007ff940821000 	C:\Program Files\Java\jdk-17.0.2\bin\server\jvm.dll
0x00007ff9625a0000 - 0x00007ff9625a8000 	C:\WINDOWS\System32\PSAPI.DLL
0x00007ff951390000 - 0x00007ff951399000 	C:\WINDOWS\SYSTEM32\WSOCK32.dll
0x00007ff9524f0000 - 0x00007ff952517000 	C:\WINDOWS\SYSTEM32\WINMM.dll
0x00007ff962eb0000 - 0x00007ff962f1b000 	C:\WINDOWS\System32\WS2_32.dll
0x00007ff95da70000 - 0x00007ff95da82000 	C:\WINDOWS\SYSTEM32\kernel.appcore.dll
0x00007ff950cd0000 - 0x00007ff950cda000 	C:\Program Files\Java\jdk-17.0.2\bin\jimage.dll
0x00007ff9602a0000 - 0x00007ff960484000 	C:\WINDOWS\SYSTEM32\DBGHELP.DLL
0x00007ff9601f0000 - 0x00007ff96021c000 	C:\WINDOWS\SYSTEM32\dbgcore.DLL
0x00007ff960d70000 - 0x00007ff960df2000 	C:\WINDOWS\System32\bcryptPrimitives.dll
0x00007ff950990000 - 0x00007ff9509b5000 	C:\Program Files\Java\jdk-17.0.2\bin\java.dll
0x00007ff93fb80000 - 0x00007ff93fc56000 	C:\Program Files\Java\jdk-17.0.2\bin\jsvml.dll
0x00007ff961880000 - 0x00007ff961fc4000 	C:\WINDOWS\System32\SHELL32.dll
0x00007ff95e300000 - 0x00007ff95ea95000 	C:\WINDOWS\SYSTEM32\windows.storage.dll
0x00007ff9613f0000 - 0x00007ff961745000 	C:\WINDOWS\System32\combase.dll
0x00007ff95fbc0000 - 0x00007ff95fbee000 	C:\WINDOWS\SYSTEM32\Wldp.dll
0x00007ff9626d0000 - 0x00007ff96277d000 	C:\WINDOWS\System32\SHCORE.dll
0x00007ff9611b0000 - 0x00007ff961205000 	C:\WINDOWS\System32\shlwapi.dll
0x00007ff9607c0000 - 0x00007ff9607df000 	C:\WINDOWS\SYSTEM32\profapi.dll
0x00007ff945690000 - 0x00007ff9456a9000 	C:\Program Files\Java\jdk-17.0.2\bin\net.dll
0x00007ff9516a0000 - 0x00007ff9517ac000 	C:\WINDOWS\SYSTEM32\WINHTTP.dll
0x00007ff95fa70000 - 0x00007ff95fada000 	C:\WINDOWS\system32\mswsock.dll
0x00007ff942930000 - 0x00007ff942946000 	C:\Program Files\Java\jdk-17.0.2\bin\nio.dll
0x00007ff942690000 - 0x00007ff9426a8000 	C:\Program Files\Java\jdk-17.0.2\bin\zip.dll
0x00007ff946650000 - 0x00007ff946659000 	C:\Program Files\Java\jdk-17.0.2\bin\management.dll
0x00007ff9459f0000 - 0x00007ff9459fb000 	C:\Program Files\Java\jdk-17.0.2\bin\management_ext.dll
0x00007ff93e800000 - 0x00007ff93e817000 	C:\WINDOWS\system32\napinsp.dll
0x00007ff939060000 - 0x00007ff93907b000 	C:\WINDOWS\system32\pnrpnsp.dll
0x00007ff93c110000 - 0x00007ff93c125000 	C:\WINDOWS\system32\wshbth.dll
0x00007ff95b510000 - 0x00007ff95b52d000 	C:\WINDOWS\system32\NLAapi.dll
0x00007ff95f580000 - 0x00007ff95f5bb000 	C:\WINDOWS\SYSTEM32\IPHLPAPI.DLL
0x00007ff95f5c0000 - 0x00007ff95f68b000 	C:\WINDOWS\SYSTEM32\DNSAPI.dll
0x00007ff962b80000 - 0x00007ff962b88000 	C:\WINDOWS\System32\NSI.dll
0x00007ff939040000 - 0x00007ff939052000 	C:\WINDOWS\System32\winrnr.dll
0x00007ff957260000 - 0x00007ff95726a000 	C:\Windows\System32\rasadhlp.dll
0x00007ff950d70000 - 0x00007ff950def000 	C:\WINDOWS\System32\fwpuclnt.dll
0x00007ff961180000 - 0x00007ff9611a7000 	C:\WINDOWS\System32\bcrypt.dll
0x00007ff960600000 - 0x00007ff960618000 	C:\WINDOWS\SYSTEM32\CRYPTSP.dll
0x00007ff95f230000 - 0x00007ff95f264000 	C:\WINDOWS\system32\rsaenh.dll
0x00007ff960780000 - 0x00007ff9607ae000 	C:\WINDOWS\SYSTEM32\USERENV.dll
0x00007ff95fb80000 - 0x00007ff95fb8c000 	C:\WINDOWS\SYSTEM32\CRYPTBASE.dll
0x00007ff95a170000 - 0x00007ff95a187000 	C:\WINDOWS\SYSTEM32\dhcpcsvc6.DLL
0x00007ff95a150000 - 0x00007ff95a16d000 	C:\WINDOWS\SYSTEM32\dhcpcsvc.DLL
0x00007ff941bd0000 - 0x00007ff941c14000 	C:\Users\Cameron Hyles\AppData\Local\Temp\jna-600295012\jna8910639271548016338.dll
0x00007ff961750000 - 0x00007ff96187a000 	C:\WINDOWS\System32\Ole32.dll
0x00007ff962780000 - 0x00007ff962829000 	C:\WINDOWS\System32\clbcatq.dll
0x00007ff962a50000 - 0x00007ff962b1d000 	C:\WINDOWS\System32\OleAut32.dll
0x00007ff943700000 - 0x00007ff943719000 	C:\WINDOWS\SYSTEM32\amsi.dll
0x00007ff943640000 - 0x00007ff9436ba000 	C:\ProgramData\Microsoft\Windows Defender\Platform\4.18.2111.5-0\MpOav.dll
0x00007ff940cf0000 - 0x00007ff940d39000 	C:\WINDOWS\SYSTEM32\Pdh.dll
0x00007ff95d2b0000 - 0x00007ff95d2bf000 	C:\WINDOWS\System32\perfos.dll

dbghelp: loaded successfully - version: 4.0.5 - missing functions: none
symbol engine: initialized successfully - sym options: 0x614 - pdb path: .;C:\Program Files\Java\jdk-17.0.2\bin;C:\WINDOWS\SYSTEM32;C:\WINDOWS\WinSxS\amd64_microsoft.windows.common-controls_6595b64144ccf1df_6.0.19041.1110_none_60b5254171f9507e;C:\Program Files\Java\jdk-17.0.2\bin\server;C:\Users\Cameron Hyles\AppData\Local\Temp\jna-600295012;C:\ProgramData\Microsoft\Windows Defender\Platform\4.18.2111.5-0

VM Arguments:
jvm_args: -Xmx4096M 
java_command: server.jar nogui
java_class_path (initial): server.jar
Launcher Type: SUN_STANDARD

[Global flags]
     intx CICompilerCount                          = 3                                         {product} {ergonomic}
     uint ConcGCThreads                            = 2                                         {product} {ergonomic}
     uint G1ConcRefinementThreads                  = 6                                         {product} {ergonomic}
   size_t G1HeapRegionSize                         = 2097152                                   {product} {ergonomic}
    uintx GCDrainStackTargetSize                   = 64                                        {product} {ergonomic}
   size_t InitialHeapSize                          = 268435456                                 {product} {ergonomic}
   size_t MarkStackSize                            = 4194304                                   {product} {ergonomic}
   size_t MaxHeapSize                              = 4294967296                                {product} {command line}
   size_t MaxNewSize                               = 2575302656                                {product} {ergonomic}
   size_t MinHeapDeltaBytes                        = 2097152                                   {product} {ergonomic}
   size_t MinHeapSize                              = 8388608                                   {product} {ergonomic}
    uintx NonNMethodCodeHeapSize                   = 5832780                                {pd product} {ergonomic}
    uintx NonProfiledCodeHeapSize                  = 122912730                              {pd product} {ergonomic}
    uintx ProfiledCodeHeapSize                     = 122912730                              {pd product} {ergonomic}
    uintx ReservedCodeCacheSize                    = 251658240                              {pd product} {ergonomic}
     bool SegmentedCodeCache                       = true                                      {product} {ergonomic}
   size_t SoftMaxHeapSize                          = 4294967296                             {manageable} {ergonomic}
     bool UseCompressedClassPointers               = true                           {product lp64_product} {ergonomic}
     bool UseCompressedOops                        = true                           {product lp64_product} {ergonomic}
     bool UseG1GC                                  = true                                      {product} {ergonomic}
     bool UseLargePagesIndividualAllocation        = false                                  {pd product} {ergonomic}

Logging:
Log output configuration:
 #0: stdout all=warning uptime,level,tags
 #1: stderr all=off uptime,level,tags

Environment Variables:
JAVA_HOME=C:\Program Files\Java\jdk-17.0.1
PATH=C:\Program Files\Java\jdk-17.0.2\bin\;C:\Python310\Scripts\;C:\Python310\;C:\Program Files\Java\jdk1.8.0_311\bin;C:\Program Files\Common Files\Oracle\Java\javapath;C:\Program Files\AdoptOpenJDK\jdk-8.0.222.10-hotspot\bin;C:\Program Files (x86)\Common Files\Oracle\Java\javapath;C:\Windows\system32;C:\Windows;C:\Windows\System32\Wbem;C:\Windows\System32\WindowsPowerShell\v1.0\;C:\Windows\System32\OpenSSH\;C:\Program Files (x86)\NVIDIA Corporation\PhysX\Common;C:\Program Files\NVIDIA Corporation\NVIDIA NvDLISR;C:\WINDOWS\system32;C:\WINDOWS;C:\WINDOWS\System32\Wbem;C:\WINDOWS\System32\WindowsPowerShell\v1.0\;C:\WINDOWS\System32\OpenSSH\;C:\HashiCorp\Vagrant\bin;C:\Program Files\dotnet\;C:\ProgramData\chocolatey\bin;C:\Program Files\Git\cmd;C:\Users\Cameron Hyles\AppData\Local\Microsoft\WindowsApps;C:\Users\Cameron Hyles\AppData\Local\Programs\Microsoft VS Code\bin;C:\sqlite;C:\Users\Cameron Hyles\.dotnet\tools;C:\Users\Cameron Hyles\AppData\Local\atom\bin;C:\Users\Cameron Hyles\AppData\Roaming\npm;E:\gitclli\;C:;C:\Users\Cameron Hyles\.config\nvim\language-servers\lua-language-server\3rd\luamake;C:\Program Files (x86)\Microsoft Visual Studio\2019\Community\MSBuild\Current\Bin;C:\Program Files\AdoptOpenJDK\jdk-8.0.222.10-hotspot\bin;C:\Windows\system32;C:\Windows;C:\Windows\System32\Wbem;C:\Windows\System32\WindowsPowerShell\v1.0\;C:\Windows\System32\OpenSSH\;C:\Program Files (x86)\NVIDIA Corporation\PhysX\Common;C:\Program Files\NVIDIA Corporation\NVIDIA NvDLISR;C:\WINDOWS\system32;C:\WINDOWS;C:\WINDOWS\System32\Wbem;C:\WINDOWS\System32\WindowsPowerShell\v1.0\;C:\WINDOWS\System32\OpenSSH\;C:\HashiCorp\Vagrant\bin;C:\Program Files\dotnet\;C:\Program Files (x86)\nodejs\;C:\ProgramData\chocolatey\bin;C:\Program Files\Git\cmd;C:\Users\Cameron Hyles\AppData\Local\Microsoft\WindowsApps;C:\sqlite;C:\Users\Cameron Hyles\.dotnet\tools;C:\Users\Cameron Hyles\AppData\Local\atom\bin;C:\Users\Cameron H;C:\tools\neovim\Neovim\bin;E:\VSCode\Microsoft VS Code\bin;C:\Users\Cameron Hy
USERNAME=Cameron Hyles
OS=Windows_NT
PROCESSOR_IDENTIFIER=Intel64 Family 6 Model 158 Stepping 10, GenuineIntel



---------------  S Y S T E M  ---------------

OS:
 Windows 10 , 64 bit Build 19041 (10.0.19041.1466)
OS uptime: 0 days 0:12 hours
Hyper-V role detected

CPU: total 6 (initial active 6) (6 cores per cpu, 1 threads per core) family 6 model 158 stepping 10 microcode 0xb4, cx8, cmov, fxsr, mmx, 3dnowpref, sse, sse2, sse3, ssse3, sse4.1, sse4.2, popcnt, lzcnt, tsc, tscinvbit, avx, avx2, aes, erms, clmul, bmi1, bmi2, adx, fma, vzeroupper, clflush, clflushopt, hv

Memory: 4k page, system-wide physical 16304M (11165M free)
TotalPageFile size 21936M (AvailPageFile size 15202M)
current process WorkingSet (physical memory assigned to process): 766M, peak: 766M
current process commit charge ("private bytes"): 815M, peak: 815M

vm_info: Java HotSpot(TM) 64-Bit Server VM (17.0.2+8-LTS-86) for windows-amd64 JRE (17.0.2+8-LTS-86), built on Dec  7 2021 21:51:03 by "mach5one" with MS VC++ 16.8 / 16.9 (VS2019)

END.
